2018-11-02 15:25:20  [ main:0 ] - [ DEBUG ]  Logging Provider: org.jboss.logging.Log4jLoggerProvider
2018-11-02 15:25:20  [ main:16 ] - [ DEBUG ]  Adding Integrator [org.hibernate.cfg.beanvalidation.BeanValidationIntegrator].
2018-11-02 15:25:20  [ main:16 ] - [ DEBUG ]  Adding Integrator [org.hibernate.secure.spi.JaccIntegrator].
2018-11-02 15:25:20  [ main:16 ] - [ DEBUG ]  Adding Integrator [org.hibernate.cache.internal.CollectionCacheInvalidator].
2018-11-02 15:25:20  [ main:110 ] - [ INFO ]  HHH000412: Hibernate Core {5.3.7.Final}
2018-11-02 15:25:20  [ main:110 ] - [ INFO ]  HHH000206: hibernate.properties not found
2018-11-02 15:25:20  [ main:251 ] - [ DEBUG ]  Interpreting public/system identifier : [-//Hibernate/Hibernate Configuration DTD//EN] - [http://www.hibernate.org/dtd/hibernate-configuration-3.0.dtd]
2018-11-02 15:25:20  [ main:251 ] - [ DEBUG ]  Recognized hibernate-configuration identifier; attempting to resolve on classpath under org/hibernate/
2018-11-02 15:25:20  [ main:268 ] - [ DEBUG ]  cfg.xml document did not define namespaces; wrapping in custom event reader to introduce namespace information
2018-11-02 15:25:20  [ main:400 ] - [ DEBUG ]  Adding Integrator [org.hibernate.cfg.beanvalidation.BeanValidationIntegrator].
2018-11-02 15:25:20  [ main:400 ] - [ DEBUG ]  Adding Integrator [org.hibernate.secure.spi.JaccIntegrator].
2018-11-02 15:25:20  [ main:400 ] - [ DEBUG ]  Adding Integrator [org.hibernate.cache.internal.CollectionCacheInvalidator].
2018-11-02 15:25:20  [ main:416 ] - [ DEBUG ]  Overriding existing service binding [org.hibernate.secure.spi.JaccService]
2018-11-02 15:25:20  [ main:416 ] - [ DEBUG ]  Building session factory using provided StandardServiceRegistry
2018-11-02 15:25:20  [ main:416 ] - [ DEBUG ]  Cache region factory : org.hibernate.cache.internal.NoCachingRegionFactory
2018-11-02 15:25:20  [ main:431 ] - [ INFO ]  HCANN000001: Hibernate Commons Annotations {5.0.4.Final}
2018-11-02 15:25:21  [ main:620 ] - [ DEBUG ]  Adding type registration boolean -> org.hibernate.type.BooleanType@1182842
2018-11-02 15:25:21  [ main:620 ] - [ DEBUG ]  Adding type registration boolean -> org.hibernate.type.BooleanType@1182842
2018-11-02 15:25:21  [ main:620 ] - [ DEBUG ]  Adding type registration java.lang.Boolean -> org.hibernate.type.BooleanType@1182842
2018-11-02 15:25:21  [ main:620 ] - [ DEBUG ]  Adding type registration numeric_boolean -> org.hibernate.type.NumericBooleanType@56be13
2018-11-02 15:25:21  [ main:620 ] - [ DEBUG ]  Adding type registration true_false -> org.hibernate.type.TrueFalseType@cd1699
2018-11-02 15:25:21  [ main:620 ] - [ DEBUG ]  Adding type registration yes_no -> org.hibernate.type.YesNoType@11d44a3
2018-11-02 15:25:21  [ main:620 ] - [ DEBUG ]  Adding type registration byte -> org.hibernate.type.ByteType@1fb9ffc
2018-11-02 15:25:21  [ main:620 ] - [ DEBUG ]  Adding type registration byte -> org.hibernate.type.ByteType@1fb9ffc
2018-11-02 15:25:21  [ main:620 ] - [ DEBUG ]  Adding type registration java.lang.Byte -> org.hibernate.type.ByteType@1fb9ffc
2018-11-02 15:25:21  [ main:620 ] - [ DEBUG ]  Adding type registration character -> org.hibernate.type.CharacterType@190fc5b
2018-11-02 15:25:21  [ main:620 ] - [ DEBUG ]  Adding type registration char -> org.hibernate.type.CharacterType@190fc5b
2018-11-02 15:25:21  [ main:620 ] - [ DEBUG ]  Adding type registration java.lang.Character -> org.hibernate.type.CharacterType@190fc5b
2018-11-02 15:25:21  [ main:620 ] - [ DEBUG ]  Adding type registration short -> org.hibernate.type.ShortType@1e94a96
2018-11-02 15:25:21  [ main:620 ] - [ DEBUG ]  Adding type registration short -> org.hibernate.type.ShortType@1e94a96
2018-11-02 15:25:21  [ main:620 ] - [ DEBUG ]  Adding type registration java.lang.Short -> org.hibernate.type.ShortType@1e94a96
2018-11-02 15:25:21  [ main:620 ] - [ DEBUG ]  Adding type registration integer -> org.hibernate.type.IntegerType@13379b4
2018-11-02 15:25:21  [ main:620 ] - [ DEBUG ]  Adding type registration int -> org.hibernate.type.IntegerType@13379b4
2018-11-02 15:25:21  [ main:620 ] - [ DEBUG ]  Adding type registration java.lang.Integer -> org.hibernate.type.IntegerType@13379b4
2018-11-02 15:25:21  [ main:635 ] - [ DEBUG ]  Adding type registration long -> org.hibernate.type.LongType@12ea799
2018-11-02 15:25:21  [ main:635 ] - [ DEBUG ]  Adding type registration long -> org.hibernate.type.LongType@12ea799
2018-11-02 15:25:21  [ main:635 ] - [ DEBUG ]  Adding type registration java.lang.Long -> org.hibernate.type.LongType@12ea799
2018-11-02 15:25:21  [ main:635 ] - [ DEBUG ]  Adding type registration float -> org.hibernate.type.FloatType@1c9d689
2018-11-02 15:25:21  [ main:635 ] - [ DEBUG ]  Adding type registration float -> org.hibernate.type.FloatType@1c9d689
2018-11-02 15:25:21  [ main:635 ] - [ DEBUG ]  Adding type registration java.lang.Float -> org.hibernate.type.FloatType@1c9d689
2018-11-02 15:25:21  [ main:635 ] - [ DEBUG ]  Adding type registration double -> org.hibernate.type.DoubleType@1bf0d49
2018-11-02 15:25:21  [ main:635 ] - [ DEBUG ]  Adding type registration double -> org.hibernate.type.DoubleType@1bf0d49
2018-11-02 15:25:21  [ main:635 ] - [ DEBUG ]  Adding type registration java.lang.Double -> org.hibernate.type.DoubleType@1bf0d49
2018-11-02 15:25:21  [ main:635 ] - [ DEBUG ]  Adding type registration big_decimal -> org.hibernate.type.BigDecimalType@1d4a5c2
2018-11-02 15:25:21  [ main:635 ] - [ DEBUG ]  Adding type registration java.math.BigDecimal -> org.hibernate.type.BigDecimalType@1d4a5c2
2018-11-02 15:25:21  [ main:635 ] - [ DEBUG ]  Adding type registration big_integer -> org.hibernate.type.BigIntegerType@730b35
2018-11-02 15:25:21  [ main:635 ] - [ DEBUG ]  Adding type registration java.math.BigInteger -> org.hibernate.type.BigIntegerType@730b35
2018-11-02 15:25:21  [ main:635 ] - [ DEBUG ]  Adding type registration string -> org.hibernate.type.StringType@1752059
2018-11-02 15:25:21  [ main:635 ] - [ DEBUG ]  Adding type registration java.lang.String -> org.hibernate.type.StringType@1752059
2018-11-02 15:25:21  [ main:635 ] - [ DEBUG ]  Adding type registration nstring -> org.hibernate.type.StringNVarcharType@d9d12d
2018-11-02 15:25:21  [ main:635 ] - [ DEBUG ]  Adding type registration ncharacter -> org.hibernate.type.CharacterNCharType@2657cc
2018-11-02 15:25:21  [ main:635 ] - [ DEBUG ]  Adding type registration url -> org.hibernate.type.UrlType@11ef81a
2018-11-02 15:25:21  [ main:635 ] - [ DEBUG ]  Adding type registration java.net.URL -> org.hibernate.type.UrlType@11ef81a
2018-11-02 15:25:21  [ main:635 ] - [ DEBUG ]  Adding type registration Duration -> org.hibernate.type.DurationType@12331b
2018-11-02 15:25:21  [ main:635 ] - [ DEBUG ]  Adding type registration java.time.Duration -> org.hibernate.type.DurationType@12331b
2018-11-02 15:25:21  [ main:651 ] - [ DEBUG ]  Adding type registration Instant -> org.hibernate.type.InstantType@15958c9
2018-11-02 15:25:21  [ main:651 ] - [ DEBUG ]  Adding type registration java.time.Instant -> org.hibernate.type.InstantType@15958c9
2018-11-02 15:25:21  [ main:653 ] - [ DEBUG ]  Adding type registration LocalDateTime -> org.hibernate.type.LocalDateTimeType@185a6e9
2018-11-02 15:25:21  [ main:653 ] - [ DEBUG ]  Adding type registration java.time.LocalDateTime -> org.hibernate.type.LocalDateTimeType@185a6e9
2018-11-02 15:25:21  [ main:654 ] - [ DEBUG ]  Adding type registration LocalDate -> org.hibernate.type.LocalDateType@d3e762
2018-11-02 15:25:21  [ main:654 ] - [ DEBUG ]  Adding type registration java.time.LocalDate -> org.hibernate.type.LocalDateType@d3e762
2018-11-02 15:25:21  [ main:655 ] - [ DEBUG ]  Adding type registration LocalTime -> org.hibernate.type.LocalTimeType@e52ef6
2018-11-02 15:25:21  [ main:656 ] - [ DEBUG ]  Adding type registration java.time.LocalTime -> org.hibernate.type.LocalTimeType@e52ef6
2018-11-02 15:25:21  [ main:657 ] - [ DEBUG ]  Adding type registration OffsetDateTime -> org.hibernate.type.OffsetDateTimeType@57f613
2018-11-02 15:25:21  [ main:657 ] - [ DEBUG ]  Adding type registration java.time.OffsetDateTime -> org.hibernate.type.OffsetDateTimeType@57f613
2018-11-02 15:25:21  [ main:658 ] - [ DEBUG ]  Adding type registration OffsetTime -> org.hibernate.type.OffsetTimeType@1079097
2018-11-02 15:25:21  [ main:658 ] - [ DEBUG ]  Adding type registration java.time.OffsetTime -> org.hibernate.type.OffsetTimeType@1079097
2018-11-02 15:25:21  [ main:661 ] - [ DEBUG ]  Adding type registration ZonedDateTime -> org.hibernate.type.ZonedDateTimeType@8c8dcf
2018-11-02 15:25:21  [ main:661 ] - [ DEBUG ]  Adding type registration java.time.ZonedDateTime -> org.hibernate.type.ZonedDateTimeType@8c8dcf
2018-11-02 15:25:21  [ main:663 ] - [ DEBUG ]  Adding type registration date -> org.hibernate.type.DateType@19fedbd
2018-11-02 15:25:21  [ main:663 ] - [ DEBUG ]  Adding type registration java.sql.Date -> org.hibernate.type.DateType@19fedbd
2018-11-02 15:25:21  [ main:664 ] - [ DEBUG ]  Adding type registration time -> org.hibernate.type.TimeType@1f4931d
2018-11-02 15:25:21  [ main:664 ] - [ DEBUG ]  Adding type registration java.sql.Time -> org.hibernate.type.TimeType@1f4931d
2018-11-02 15:25:21  [ main:665 ] - [ DEBUG ]  Adding type registration timestamp -> org.hibernate.type.TimestampType@17fd62
2018-11-02 15:25:21  [ main:665 ] - [ DEBUG ]  Adding type registration java.sql.Timestamp -> org.hibernate.type.TimestampType@17fd62
2018-11-02 15:25:21  [ main:665 ] - [ DEBUG ]  Adding type registration java.util.Date -> org.hibernate.type.TimestampType@17fd62
2018-11-02 15:25:21  [ main:666 ] - [ DEBUG ]  Adding type registration dbtimestamp -> org.hibernate.type.DbTimestampType@12c9a9c
2018-11-02 15:25:21  [ main:667 ] - [ DEBUG ]  Adding type registration calendar -> org.hibernate.type.CalendarType@7bddad
2018-11-02 15:25:21  [ main:667 ] - [ DEBUG ]  Adding type registration java.util.Calendar -> org.hibernate.type.CalendarType@7bddad
2018-11-02 15:25:21  [ main:667 ] - [ DEBUG ]  Adding type registration java.util.GregorianCalendar -> org.hibernate.type.CalendarType@7bddad
2018-11-02 15:25:21  [ main:667 ] - [ DEBUG ]  Adding type registration calendar_date -> org.hibernate.type.CalendarDateType@5d171f
2018-11-02 15:25:21  [ main:668 ] - [ DEBUG ]  Adding type registration locale -> org.hibernate.type.LocaleType@40365c
2018-11-02 15:25:21  [ main:668 ] - [ DEBUG ]  Adding type registration java.util.Locale -> org.hibernate.type.LocaleType@40365c
2018-11-02 15:25:21  [ main:669 ] - [ DEBUG ]  Adding type registration currency -> org.hibernate.type.CurrencyType@1f3b89c
2018-11-02 15:25:21  [ main:669 ] - [ DEBUG ]  Adding type registration java.util.Currency -> org.hibernate.type.CurrencyType@1f3b89c
2018-11-02 15:25:21  [ main:670 ] - [ DEBUG ]  Adding type registration timezone -> org.hibernate.type.TimeZoneType@20d525
2018-11-02 15:25:21  [ main:670 ] - [ DEBUG ]  Adding type registration java.util.TimeZone -> org.hibernate.type.TimeZoneType@20d525
2018-11-02 15:25:21  [ main:670 ] - [ DEBUG ]  Adding type registration class -> org.hibernate.type.ClassType@e13544
2018-11-02 15:25:21  [ main:670 ] - [ DEBUG ]  Adding type registration java.lang.Class -> org.hibernate.type.ClassType@e13544
2018-11-02 15:25:21  [ main:671 ] - [ DEBUG ]  Adding type registration uuid-binary -> org.hibernate.type.UUIDBinaryType@7e5365
2018-11-02 15:25:21  [ main:671 ] - [ DEBUG ]  Adding type registration java.util.UUID -> org.hibernate.type.UUIDBinaryType@7e5365
2018-11-02 15:25:21  [ main:672 ] - [ DEBUG ]  Adding type registration uuid-char -> org.hibernate.type.UUIDCharType@1475ace
2018-11-02 15:25:21  [ main:673 ] - [ DEBUG ]  Adding type registration binary -> org.hibernate.type.BinaryType@d18979
2018-11-02 15:25:21  [ main:673 ] - [ DEBUG ]  Adding type registration byte[] -> org.hibernate.type.BinaryType@d18979
2018-11-02 15:25:21  [ main:673 ] - [ DEBUG ]  Adding type registration [B -> org.hibernate.type.BinaryType@d18979
2018-11-02 15:25:21  [ main:674 ] - [ DEBUG ]  Adding type registration wrapper-binary -> org.hibernate.type.WrapperBinaryType@1b6aecc
2018-11-02 15:25:21  [ main:674 ] - [ DEBUG ]  Adding type registration Byte[] -> org.hibernate.type.WrapperBinaryType@1b6aecc
2018-11-02 15:25:21  [ main:674 ] - [ DEBUG ]  Adding type registration [Ljava.lang.Byte; -> org.hibernate.type.WrapperBinaryType@1b6aecc
2018-11-02 15:25:21  [ main:675 ] - [ DEBUG ]  Adding type registration row_version -> org.hibernate.type.RowVersionType@66f1f5
2018-11-02 15:25:21  [ main:675 ] - [ DEBUG ]  Adding type registration image -> org.hibernate.type.ImageType@a9760d
2018-11-02 15:25:21  [ main:676 ] - [ DEBUG ]  Adding type registration characters -> org.hibernate.type.CharArrayType@1d09a04
2018-11-02 15:25:21  [ main:676 ] - [ DEBUG ]  Adding type registration char[] -> org.hibernate.type.CharArrayType@1d09a04
2018-11-02 15:25:21  [ main:676 ] - [ DEBUG ]  Adding type registration [C -> org.hibernate.type.CharArrayType@1d09a04
2018-11-02 15:25:21  [ main:676 ] - [ DEBUG ]  Adding type registration wrapper-characters -> org.hibernate.type.CharacterArrayType@2f6f80
2018-11-02 15:25:21  [ main:676 ] - [ DEBUG ]  Adding type registration [Ljava.lang.Character; -> org.hibernate.type.CharacterArrayType@2f6f80
2018-11-02 15:25:21  [ main:677 ] - [ DEBUG ]  Adding type registration Character[] -> org.hibernate.type.CharacterArrayType@2f6f80
2018-11-02 15:25:21  [ main:677 ] - [ DEBUG ]  Adding type registration text -> org.hibernate.type.TextType@11caca8
2018-11-02 15:25:21  [ main:677 ] - [ DEBUG ]  Adding type registration ntext -> org.hibernate.type.NTextType@8c3b9d
2018-11-02 15:25:21  [ main:678 ] - [ DEBUG ]  Adding type registration blob -> org.hibernate.type.BlobType@b3fd41
2018-11-02 15:25:21  [ main:678 ] - [ DEBUG ]  Adding type registration java.sql.Blob -> org.hibernate.type.BlobType@b3fd41
2018-11-02 15:25:21  [ main:679 ] - [ DEBUG ]  Adding type registration materialized_blob -> org.hibernate.type.MaterializedBlobType@377400
2018-11-02 15:25:21  [ main:680 ] - [ DEBUG ]  Adding type registration clob -> org.hibernate.type.ClobType@4487af
2018-11-02 15:25:21  [ main:680 ] - [ DEBUG ]  Adding type registration java.sql.Clob -> org.hibernate.type.ClobType@4487af
2018-11-02 15:25:21  [ main:681 ] - [ DEBUG ]  Adding type registration nclob -> org.hibernate.type.NClobType@309d4d
2018-11-02 15:25:21  [ main:681 ] - [ DEBUG ]  Adding type registration java.sql.NClob -> org.hibernate.type.NClobType@309d4d
2018-11-02 15:25:21  [ main:681 ] - [ DEBUG ]  Adding type registration materialized_clob -> org.hibernate.type.MaterializedClobType@ab778a
2018-11-02 15:25:21  [ main:681 ] - [ DEBUG ]  Adding type registration materialized_nclob -> org.hibernate.type.MaterializedNClobType@1dac5ef
2018-11-02 15:25:21  [ main:682 ] - [ DEBUG ]  Adding type registration serializable -> org.hibernate.type.SerializableType@11b4bf5
2018-11-02 15:25:21  [ main:687 ] - [ DEBUG ]  Adding type registration object -> org.hibernate.type.ObjectType@509ffa
2018-11-02 15:25:21  [ main:687 ] - [ DEBUG ]  Adding type registration java.lang.Object -> org.hibernate.type.ObjectType@509ffa
2018-11-02 15:25:21  [ main:687 ] - [ DEBUG ]  Adding type registration imm_date -> org.hibernate.type.AdaptedImmutableType@267da0
2018-11-02 15:25:21  [ main:687 ] - [ DEBUG ]  Adding type registration imm_time -> org.hibernate.type.AdaptedImmutableType@638011
2018-11-02 15:25:21  [ main:688 ] - [ DEBUG ]  Adding type registration imm_timestamp -> org.hibernate.type.AdaptedImmutableType@1f29830
2018-11-02 15:25:21  [ main:688 ] - [ DEBUG ]  Adding type registration imm_dbtimestamp -> org.hibernate.type.AdaptedImmutableType@2b953e
2018-11-02 15:25:21  [ main:688 ] - [ DEBUG ]  Adding type registration imm_calendar -> org.hibernate.type.AdaptedImmutableType@13b2ea6
2018-11-02 15:25:21  [ main:688 ] - [ DEBUG ]  Adding type registration imm_calendar_date -> org.hibernate.type.AdaptedImmutableType@1465398
2018-11-02 15:25:21  [ main:688 ] - [ DEBUG ]  Adding type registration imm_binary -> org.hibernate.type.AdaptedImmutableType@8e6d58
2018-11-02 15:25:21  [ main:688 ] - [ DEBUG ]  Adding type registration imm_serializable -> org.hibernate.type.AdaptedImmutableType@3a8092
2018-11-02 15:25:21  [ main:709 ] - [ DEBUG ]  Registering IdentifierGenerator strategy [uuid2] -> [org.hibernate.id.UUIDGenerator]
2018-11-02 15:25:21  [ main:709 ] - [ DEBUG ]  Registering IdentifierGenerator strategy [guid] -> [org.hibernate.id.GUIDGenerator]
2018-11-02 15:25:21  [ main:710 ] - [ DEBUG ]  Registering IdentifierGenerator strategy [uuid] -> [org.hibernate.id.UUIDHexGenerator]
2018-11-02 15:25:21  [ main:710 ] - [ DEBUG ]  Registering IdentifierGenerator strategy [uuid.hex] -> [org.hibernate.id.UUIDHexGenerator]
2018-11-02 15:25:21  [ main:710 ] - [ DEBUG ]  Registering IdentifierGenerator strategy [assigned] -> [org.hibernate.id.Assigned]
2018-11-02 15:25:21  [ main:711 ] - [ DEBUG ]  Registering IdentifierGenerator strategy [identity] -> [org.hibernate.id.IdentityGenerator]
2018-11-02 15:25:21  [ main:711 ] - [ DEBUG ]  Registering IdentifierGenerator strategy [select] -> [org.hibernate.id.SelectGenerator]
2018-11-02 15:25:21  [ main:712 ] - [ DEBUG ]  Registering IdentifierGenerator strategy [sequence] -> [org.hibernate.id.enhanced.SequenceStyleGenerator]
2018-11-02 15:25:21  [ main:713 ] - [ DEBUG ]  Registering IdentifierGenerator strategy [seqhilo] -> [org.hibernate.id.SequenceHiLoGenerator]
2018-11-02 15:25:21  [ main:713 ] - [ DEBUG ]  Registering IdentifierGenerator strategy [increment] -> [org.hibernate.id.IncrementGenerator]
2018-11-02 15:25:21  [ main:713 ] - [ DEBUG ]  Registering IdentifierGenerator strategy [foreign] -> [org.hibernate.id.ForeignGenerator]
2018-11-02 15:25:21  [ main:714 ] - [ DEBUG ]  Registering IdentifierGenerator strategy [sequence-identity] -> [org.hibernate.id.SequenceIdentityGenerator]
2018-11-02 15:25:21  [ main:714 ] - [ DEBUG ]  Registering IdentifierGenerator strategy [enhanced-sequence] -> [org.hibernate.id.enhanced.SequenceStyleGenerator]
2018-11-02 15:25:21  [ main:714 ] - [ DEBUG ]  Registering IdentifierGenerator strategy [enhanced-table] -> [org.hibernate.id.enhanced.TableGenerator]
2018-11-02 15:25:21  [ main:720 ] - [ WARN ]  HHH10001002: Using Hibernate built-in connection pool (not for production use!)
2018-11-02 15:25:21  [ main:722 ] - [ INFO ]  HHH10001005: using driver [com.mysql.jdbc.Driver] at URL [jdbc:mysql://localhost:3306/yueba?characterEncoding=utf-8]
2018-11-02 15:25:21  [ main:722 ] - [ INFO ]  HHH10001001: Connection properties: {autoCommit=true, user=root, password=}
2018-11-02 15:25:21  [ main:722 ] - [ INFO ]  HHH10001003: Autocommit mode: false
2018-11-02 15:25:21  [ main:722 ] - [ DEBUG ]  Initializing Connection pool with 1 Connections
2018-11-02 15:25:21  [ main:722 ] - [ INFO ]  HHH000115: Hibernate connection pool size: 20 (min=1)
2018-11-02 15:25:21  [ main:894 ] - [ DEBUG ]  Database ->
       name : MySQL
    version : 5.7.17
      major : 5
      minor : 7
2018-11-02 15:25:21  [ main:894 ] - [ DEBUG ]  Driver ->
       name : MySQL Connector Java
    version : mysql-connector-java-5.1.26 ( Revision: ${bzr.revision-id} )
      major : 5
      minor : 1
2018-11-02 15:25:21  [ main:894 ] - [ DEBUG ]  JDBC version : 4.0
2018-11-02 15:25:21  [ main:894 ] - [ INFO ]  HHH000400: Using dialect: org.hibernate.dialect.MySQL5Dialect
2018-11-02 15:25:21  [ main:925 ] - [ DEBUG ]  JDBC driver metadata reported database stores quoted identifiers in more than one case
2018-11-02 15:25:21  [ main:925 ] - [ DEBUG ]  IdentifierCaseStrategy for both quoted and unquoted identifiers was set to the same strategy [LOWER]; that will likely lead to problems in schema update and validation if using quoted identifiers
2018-11-02 15:25:21  [ main:941 ] - [ DEBUG ]  Created database namespace [logicalName=Name{catalog=null, schema=null}, physicalName=Name{catalog=null, schema=null}]
2018-11-02 15:25:21  [ main:941 ] - [ DEBUG ]  Scoping TypeConfiguration [org.hibernate.type.spi.TypeConfiguration@c9d179] to MetadataBuildingContext [org.hibernate.boot.internal.MetadataBuildingContextRootImpl@1554c5f]
2018-11-02 15:25:21  [ main:1003 ] - [ DEBUG ]  Building session factory
2018-11-02 15:25:21  [ main:1003 ] - [ DEBUG ]  SessionFactory name : null
2018-11-02 15:25:21  [ main:1003 ] - [ DEBUG ]  Automatic flush during beforeCompletion(): enabled
2018-11-02 15:25:21  [ main:1003 ] - [ DEBUG ]  Automatic session close at end of transaction: disabled
2018-11-02 15:25:21  [ main:1003 ] - [ DEBUG ]  Statistics: disabled
2018-11-02 15:25:21  [ main:1003 ] - [ DEBUG ]  Deleted entity synthetic identifier rollback: disabled
2018-11-02 15:25:21  [ main:1003 ] - [ DEBUG ]  Default entity-mode: pojo
2018-11-02 15:25:21  [ main:1003 ] - [ DEBUG ]  Check Nullability in Core (should be disabled when Bean Validation is on): enabled
2018-11-02 15:25:21  [ main:1003 ] - [ DEBUG ]  Allow initialization of lazy state outside session : disabled
2018-11-02 15:25:21  [ main:1003 ] - [ DEBUG ]  Using BatchFetchStyle : LEGACY
2018-11-02 15:25:21  [ main:1003 ] - [ DEBUG ]  Default batch fetch size: -1
2018-11-02 15:25:21  [ main:1003 ] - [ DEBUG ]  Maximum outer join fetch depth: 2
2018-11-02 15:25:21  [ main:1003 ] - [ DEBUG ]  Default null ordering: NONE
2018-11-02 15:25:21  [ main:1003 ] - [ DEBUG ]  Order SQL updates by primary key: disabled
2018-11-02 15:25:21  [ main:1003 ] - [ DEBUG ]  Order SQL inserts for batching: disabled
2018-11-02 15:25:21  [ main:1003 ] - [ DEBUG ]  multi-tenancy strategy : NONE
2018-11-02 15:25:21  [ main:1003 ] - [ DEBUG ]  JTA Track by Thread: enabled
2018-11-02 15:25:21  [ main:1003 ] - [ DEBUG ]  Query language substitutions: {}
2018-11-02 15:25:21  [ main:1003 ] - [ DEBUG ]  Named query checking : enabled
2018-11-02 15:25:21  [ main:1003 ] - [ DEBUG ]  Second-level cache: disabled
2018-11-02 15:25:21  [ main:1003 ] - [ DEBUG ]  Second-level query cache: disabled
2018-11-02 15:25:21  [ main:1003 ] - [ DEBUG ]  Second-level query cache factory: null
2018-11-02 15:25:21  [ main:1003 ] - [ DEBUG ]  Second-level cache region prefix: null
2018-11-02 15:25:21  [ main:1003 ] - [ DEBUG ]  Optimize second-level cache for minimal puts: disabled
2018-11-02 15:25:21  [ main:1003 ] - [ DEBUG ]  Structured second-level cache entries: disabled
2018-11-02 15:25:21  [ main:1003 ] - [ DEBUG ]  Second-level cache direct-reference entries: disabled
2018-11-02 15:25:21  [ main:1003 ] - [ DEBUG ]  Automatic eviction of collection cache: disabled
2018-11-02 15:25:21  [ main:1003 ] - [ DEBUG ]  JDBC batch size: 15
2018-11-02 15:25:21  [ main:1003 ] - [ DEBUG ]  JDBC batch updates for versioned data: enabled
2018-11-02 15:25:21  [ main:1003 ] - [ DEBUG ]  Scrollable result sets: enabled
2018-11-02 15:25:21  [ main:1003 ] - [ DEBUG ]  Wrap result sets: disabled
2018-11-02 15:25:21  [ main:1003 ] - [ DEBUG ]  JDBC3 getGeneratedKeys(): enabled
2018-11-02 15:25:21  [ main:1003 ] - [ DEBUG ]  JDBC result set fetch size: null
2018-11-02 15:25:21  [ main:1003 ] - [ DEBUG ]  Connection release mode: AFTER_TRANSACTION
2018-11-02 15:25:21  [ main:1003 ] - [ DEBUG ]  Generate SQL with comments: disabled
2018-11-02 15:25:21  [ main:1003 ] - [ DEBUG ]  JPA compliance - query : 
2018-11-02 15:25:21  [ main:1003 ] - [ DEBUG ]  JPA compliance - closed-handling : 
2018-11-02 15:25:21  [ main:1003 ] - [ DEBUG ]  JPA compliance - lists : 
2018-11-02 15:25:21  [ main:1003 ] - [ DEBUG ]  JPA compliance - transactions : 
2018-11-02 15:25:21  [ main:1050 ] - [ DEBUG ]  Session factory constructed with filter configurations : {}
2018-11-02 15:25:21  [ main:1050 ] - [ DEBUG ]  Instantiating session factory with properties: {sun.desktop=windows, awt.toolkit=sun.awt.windows.WToolkit, dialect=org.hibernate.dialect.MySQL5Dialect, file.encoding.pkg=sun.io, java.specification.version=1.8, sun.cpu.isalist=pentium_pro+mmx pentium_pro pentium+mmx pentium i486 i386 i86, sun.jnu.encoding=GBK, hibernate.dialect=org.hibernate.dialect.MySQL5Dialect, java.class.path=C:\Program Files (x86)\Java\jdk1.8.0_191\jre\lib\charsets.jar;C:\Program Files (x86)\Java\jdk1.8.0_191\jre\lib\deploy.jar;C:\Program Files (x86)\Java\jdk1.8.0_191\jre\lib\ext\access-bridge-32.jar;C:\Program Files (x86)\Java\jdk1.8.0_191\jre\lib\ext\cldrdata.jar;C:\Program Files (x86)\Java\jdk1.8.0_191\jre\lib\ext\dnsns.jar;C:\Program Files (x86)\Java\jdk1.8.0_191\jre\lib\ext\jaccess.jar;C:\Program Files (x86)\Java\jdk1.8.0_191\jre\lib\ext\jfxrt.jar;C:\Program Files (x86)\Java\jdk1.8.0_191\jre\lib\ext\localedata.jar;C:\Program Files (x86)\Java\jdk1.8.0_191\jre\lib\ext\nashorn.jar;C:\Program Files (x86)\Java\jdk1.8.0_191\jre\lib\ext\sunec.jar;C:\Program Files (x86)\Java\jdk1.8.0_191\jre\lib\ext\sunjce_provider.jar;C:\Program Files (x86)\Java\jdk1.8.0_191\jre\lib\ext\sunmscapi.jar;C:\Program Files (x86)\Java\jdk1.8.0_191\jre\lib\ext\sunpkcs11.jar;C:\Program Files (x86)\Java\jdk1.8.0_191\jre\lib\ext\zipfs.jar;C:\Program Files (x86)\Java\jdk1.8.0_191\jre\lib\javaws.jar;C:\Program Files (x86)\Java\jdk1.8.0_191\jre\lib\jce.jar;C:\Program Files (x86)\Java\jdk1.8.0_191\jre\lib\jfr.jar;C:\Program Files (x86)\Java\jdk1.8.0_191\jre\lib\jfxswt.jar;C:\Program Files (x86)\Java\jdk1.8.0_191\jre\lib\jsse.jar;C:\Program Files (x86)\Java\jdk1.8.0_191\jre\lib\management-agent.jar;C:\Program Files (x86)\Java\jdk1.8.0_191\jre\lib\plugin.jar;C:\Program Files (x86)\Java\jdk1.8.0_191\jre\lib\resources.jar;C:\Program Files (x86)\Java\jdk1.8.0_191\jre\lib\rt.jar;C:\Swagger-Ranger\git-workspace\Java-Framework\Yueba\out\production\Yueba;C:\Swagger-Ranger\git-workspace\Java-Framework\Yueba\lib\classmate-1.3.4.jar;C:\Swagger-Ranger\git-workspace\Java-Framework\Yueba\lib\jandex-2.0.5.Final.jar;C:\Swagger-Ranger\git-workspace\Java-Framework\Yueba\lib\hibernate-commons-annotations-5.0.4.Final.jar;C:\Swagger-Ranger\git-workspace\Java-Framework\Yueba\lib\antlr-2.7.7.jar;C:\Swagger-Ranger\git-workspace\Java-Framework\Yueba\lib\dom4j-2.1.1.jar;C:\Swagger-Ranger\git-workspace\Java-Framework\Yueba\lib\javassist-3.23.1-GA.jar;C:\Swagger-Ranger\git-workspace\Java-Framework\Yueba\lib\javax.activation-api-1.2.0.jar;C:\Swagger-Ranger\git-workspace\Java-Framework\Yueba\lib\byte-buddy-1.8.17.jar;C:\Swagger-Ranger\git-workspace\Java-Framework\Yueba\lib\jboss-logging-3.3.2.Final.jar;C:\Swagger-Ranger\git-workspace\Java-Framework\Yueba\lib\javax.persistence-api-2.2.jar;C:\Swagger-Ranger\git-workspace\Java-Framework\Yueba\lib\jboss-transaction-api_1.2_spec-1.1.1.Final.jar;C:\Swagger-Ranger\git-workspace\Java-Framework\Yueba\lib\hibernate-core-5.3.7.Final.jar;C:\GuoHaoShiye\apache-tomcat\Yueba-olddemo\apache-tomcat-9.0.12\product\TTXChaguan_admin\WEB-INF\lib\hibernate-c3p0-4.1.7.Final.jar;C:\GuoHaoShiye\apache-tomcat\Yueba-olddemo\apache-tomcat-9.0.12\product\TTXChaguan_admin\WEB-INF\lib\hibernate-jpa-2.0-api-1.0.1.Final.jar;C:\Swagger-Ranger\git-workspace\Java-Framework\Yueba\lib\spring-aop-4.3.18.RELEASE.jar;C:\Swagger-Ranger\git-workspace\Java-Framework\Yueba\lib\spring-beans-4.3.18.RELEASE.jar;C:\Swagger-Ranger\git-workspace\Java-Framework\Yueba\lib\spring-expression-4.3.18.RELEASE.jar;C:\Swagger-Ranger\git-workspace\Java-Framework\Yueba\lib\spring-instrument-4.3.18.RELEASE.jar;C:\Swagger-Ranger\git-workspace\Java-Framework\Yueba\lib\spring-core-4.3.18.RELEASE.jar;C:\Swagger-Ranger\git-workspace\Java-Framework\Yueba\lib\spring-context-4.3.18.RELEASE.jar;C:\Swagger-Ranger\git-workspace\Java-Framework\Yueba\lib\spring-messaging-4.3.18.RELEASE.jar;C:\Swagger-Ranger\git-workspace\Java-Framework\Yueba\lib\spring-jms-4.3.18.RELEASE.jar;C:\Swagger-Ranger\git-workspace\Java-Framework\Yueba\lib\spring-jdbc-4.3.18.RELEASE.jar;C:\Swagger-Ranger\git-workspace\Java-Framework\Yueba\lib\spring-aspects-4.3.18.RELEASE.jar;C:\Swagger-Ranger\git-workspace\Java-Framework\Yueba\lib\spring-instrument-tomcat-4.3.18.RELEASE.jar;C:\Swagger-Ranger\git-workspace\Java-Framework\Yueba\lib\spring-orm-4.3.18.RELEASE.jar;C:\Swagger-Ranger\git-workspace\Java-Framework\Yueba\lib\spring-test-4.3.18.RELEASE.jar;C:\Swagger-Ranger\git-workspace\Java-Framework\Yueba\lib\aopalliance-1.0.jar;C:\Swagger-Ranger\git-workspace\Java-Framework\Yueba\lib\spring-tx-4.3.18.RELEASE.jar;C:\Swagger-Ranger\git-workspace\Java-Framework\Yueba\lib\spring-context-support-4.3.18.RELEASE.jar;C:\Swagger-Ranger\git-workspace\Java-Framework\Yueba\lib\spring-oxm-4.3.18.RELEASE.jar;C:\Swagger-Ranger\git-workspace\Java-Framework\Yueba\lib\commons-logging-1.2.jar;C:\Swagger-Ranger\git-workspace\Java-Framework\Yueba\lib\spring-ws.jar;C:\Swagger-Ranger\git-workspace\Java-Framework\Yueba\lib\spring-webmvc-4.3.18.RELEASE.jar;C:\Swagger-Ranger\git-workspace\Java-Framework\Yueba\lib\spring-webmvc-portlet-4.3.18.RELEASE.jar;C:\Swagger-Ranger\git-workspace\Java-Framework\Yueba\lib\spring-websocket-4.3.18.RELEASE.jar;C:\Swagger-Ranger\git-workspace\Java-Framework\Yueba\lib\spring-web-4.3.18.RELEASE.jar;C:\Swagger-Ranger\git-workspace\Java-Framework\Yueba\lib\spring-integration-amqp-4.0.3.RELEASE.jar;C:\Swagger-Ranger\git-workspace\Java-Framework\Yueba\lib\spring-integration-feed-4.0.3.RELEASE.jar;C:\Swagger-Ranger\git-workspace\Java-Framework\Yueba\lib\spring-integration-groovy-4.0.3.RELEASE.jar;C:\Swagger-Ranger\git-workspace\Java-Framework\Yueba\lib\spring-integration-gemfire-4.0.3.RELEASE.jar;C:\Swagger-Ranger\git-workspace\Java-Framework\Yueba\lib\spring-integration-file-4.0.3.RELEASE.jar;C:\Swagger-Ranger\git-workspace\Java-Framework\Yueba\lib\spring-integration-event-4.0.3.RELEASE.jar;C:\Swagger-Ranger\git-workspace\Java-Framework\Yueba\lib\spring-integration-ftp-4.0.3.RELEASE.jar;C:\Swagger-Ranger\git-workspace\Java-Framework\Yueba\lib\spring-integration-core-4.0.3.RELEASE.jar;C:\Swagger-Ranger\git-workspace\Java-Framework\Yueba\lib\spring-integration-jdbc-4.0.3.RELEASE.jar;C:\Swagger-Ranger\git-workspace\Java-Framework\Yueba\lib\spring-integration-jmx-4.0.3.RELEASE.jar;C:\Swagger-Ranger\git-workspace\Java-Framework\Yueba\lib\spring-integration-http-4.0.3.RELEASE.jar;C:\Swagger-Ranger\git-workspace\Java-Framework\Yueba\lib\spring-integration-jpa-4.0.3.RELEASE.jar;C:\Swagger-Ranger\git-workspace\Java-Framework\Yueba\lib\spring-integration-ip-4.0.3.RELEASE.jar;C:\Swagger-Ranger\git-workspace\Java-Framework\Yueba\lib\spring-integration-jms-4.0.3.RELEASE.jar;C:\Swagger-Ranger\git-workspace\Java-Framework\Yueba\lib\spring-integration-mail-4.0.3.RELEASE.jar;C:\Swagger-Ranger\git-workspace\Java-Framework\Yueba\lib\spring-integration-mongodb-4.0.3.RELEASE.jar;C:\Swagger-Ranger\git-workspace\Java-Framework\Yueba\lib\spring-integration-mqtt-4.0.3.RELEASE.jar;C:\Swagger-Ranger\git-workspace\Java-Framework\Yueba\lib\spring-integration-rmi-4.0.3.RELEASE.jar;C:\Swagger-Ranger\git-workspace\Java-Framework\Yueba\lib\spring-integration-redis-4.0.3.RELEASE.jar;C:\Swagger-Ranger\git-workspace\Java-Framework\Yueba\lib\spring-integration-sftp-4.0.3.RELEASE.jar;C:\Swagger-Ranger\git-workspace\Java-Framework\Yueba\lib\spring-integration-security-4.0.3.RELEASE.jar;C:\Swagger-Ranger\git-workspace\Java-Framework\Yueba\lib\spring-integration-scripting-4.0.3.RELEASE.jar;C:\Swagger-Ranger\git-workspace\Java-Framework\Yueba\lib\spring-integration-stream-4.0.3.RELEASE.jar;C:\Swagger-Ranger\git-workspace\Java-Framework\Yueba\lib\spring-integration-syslog-4.0.3.RELEASE.jar;C:\Swagger-Ranger\git-workspace\Java-Framework\Yueba\lib\spring-integration-ws-4.0.3.RELEASE.jar;C:\Swagger-Ranger\git-workspace\Java-Framework\Yueba\lib\spring-integration-twitter-4.0.3.RELEASE.jar;C:\Swagger-Ranger\git-workspace\Java-Framework\Yueba\lib\spring-integration-test-4.0.3.RELEASE.jar;C:\Swagger-Ranger\git-workspace\Java-Framework\Yueba\lib\spring-integration-xml-4.0.3.RELEASE.jar;C:\Swagger-Ranger\git-workspace\Java-Framework\Yueba\lib\spring-integration-xmpp-4.0.3.RELEASE.jar;C:\Swagger-Ranger\git-workspace\Java-Framework\Yueba\lib\javax.servlet.jsp.jar;C:\Swagger-Ranger\git-workspace\Java-Framework\Yueba\lib\javax.servlet.jar;C:\Swagger-Ranger\git-workspace\Java-Framework\Yueba\lib\javax.servlet.jsp.jstl.jar;C:\Swagger-Ranger\git-workspace\Java-Framework\Yueba\lib\javax.annotation.jar;C:\Swagger-Ranger\git-workspace\Java-Framework\Yueba\lib\javax.jms.jar;C:\Swagger-Ranger\git-workspace\Java-Framework\Yueba\lib\javax.resource.jar;C:\Swagger-Ranger\git-workspace\Java-Framework\Yueba\lib\javax.ejb.jar;C:\GuoHaoShiye\apache-tomcat\Yueba-olddemo\apache-tomcat-9.0.12\product\TTXChaguan_admin\WEB-INF\lib\commons-fileupload-1.3.1.jar;C:\GuoHaoShiye\apache-tomcat\Yueba-olddemo\apache-tomcat-9.0.12\product\TTXChaguan_admin\WEB-INF\lib\json.jar;C:\GuoHaoShiye\apache-tomcat\Yueba-olddemo\apache-tomcat-9.0.12\product\TTXChaguan_admin\WEB-INF\lib\zing3.1.jar;C:\GuoHaoShiye\apache-tomcat\Yueba-olddemo\apache-tomcat-9.0.12\product\TTXChaguan_admin\WEB-INF\lib\poi-3.15.jar;C:\GuoHaoShiye\apache-tomcat\Yueba-olddemo\apache-tomcat-9.0.12\product\TTXChaguan_admin\WEB-INF\lib\standard.jar;C:\GuoHaoShiye\apache-tomcat\Yueba-olddemo\apache-tomcat-9.0.12\product\TTXChaguan_admin\WEB-INF\lib\javax.ejb.jar;C:\GuoHaoShiye\apache-tomcat\Yueba-olddemo\apache-tomcat-9.0.12\product\TTXChaguan_admin\WEB-INF\lib\javax.jms.jar;C:\GuoHaoShiye\apache-tomcat\Yueba-olddemo\apache-tomcat-9.0.12\product\TTXChaguan_admin\WEB-INF\lib\jstl-impl.jar;C:\GuoHaoShiye\apache-tomcat\Yueba-olddemo\apache-tomcat-9.0.12\product\TTXChaguan_admin\WEB-INF\lib\jdom-2.0.2.jar;C:\GuoHaoShiye\apache-tomcat\Yueba-olddemo\apache-tomcat-9.0.12\product\TTXChaguan_admin\WEB-INF\lib\antlr-2.7.7.jar;C:\GuoHaoShiye\apache-tomcat\Yueba-olddemo\apache-tomcat-9.0.12\product\TTXChaguan_admin\WEB-INF\lib\dom4j-1.6.1.jar;C:\GuoHaoShiye\apache-tomcat\Yueba-olddemo\apache-tomcat-9.0.12\product\TTXChaguan_admin\WEB-INF\lib\c3p0-0.9.2.1.jar;C:\GuoHaoShiye\apache-tomcat\Yueba-olddemo\apache-tomcat-9.0.12\product\TTXChaguan_admin\WEB-INF\lib\log4j-1.2.17.jar;C:\GuoHaoShiye\apache-tomcat\Yueba-olddemo\apache-tomcat-9.0.12\product\TTXChaguan_admin\WEB-INF\lib\ezmorph-1.0.6.jar;C:\GuoHaoShiye\apache-tomcat\Yueba-olddemo\apache-tomcat-9.0.12\product\TTXChaguan_admin\WEB-INF\lib\javax.servlet.jar;C:\GuoHaoShiye\apache-tomcat\Yueba-olddemo\apache-tomcat-9.0.12\product\TTXChaguan_admin\WEB-INF\lib\ueditor-1.1.2.jar;C:\GuoHaoShiye\apache-tomcat\Yueba-olddemo\apache-tomcat-9.0.12\product\TTXChaguan_admin\WEB-INF\lib\commons-io-1.4.jar;C:\GuoHaoShiye\apache-tomcat\Yueba-olddemo\apache-tomcat-9.0.12\product\TTXChaguan_admin\WEB-INF\lib\commons-io-2.4.jar;C:\GuoHaoShiye\apache-tomcat\Yueba-olddemo\apache-tomcat-9.0.12\product\TTXChaguan_admin\WEB-INF\lib\httpcore-4.3.1.jar;C:\GuoHaoShiye\apache-tomcat\Yueba-olddemo\apache-tomcat-9.0.12\product\TTXChaguan_admin\WEB-INF\lib\javax.resource.jar;C:\GuoHaoShiye\apache-tomcat\Yueba-olddemo\apache-tomcat-9.0.12\product\TTXChaguan_admin\WEB-INF\lib\poi-ooxml-3.15.jar;C:\GuoHaoShiye\apache-tomcat\Yueba-olddemo\apache-tomcat-9.0.12\product\TTXChaguan_admin\WEB-INF\lib\fastjson-1.1.37.jar;C:\GuoHaoShiye\apache-tomcat\Yueba-olddemo\apache-tomcat-9.0.12\product\TTXChaguan_admin\WEB-INF\lib\slf4j-api-1.6.1.jar;C:\GuoHaoShiye\apache-tomcat\Yueba-olddemo\apache-tomcat-9.0.12\product\TTXChaguan_admin\WEB-INF\lib\commons-lang-2.6.jar;C:\GuoHaoShiye\apache-tomcat\Yueba-olddemo\apache-tomcat-9.0.12\product\TTXChaguan_admin\WEB-INF\lib\httpclient-4.3.2.jar;C:\GuoHaoShiye\apache-tomcat\Yueba-olddemo\apache-tomcat-9.0.12\product\TTXChaguan_admin\WEB-INF\lib\javax.annotation.jar;C:\GuoHaoShiye\apache-tomcat\Yueba-olddemo\apache-tomcat-9.0.12\product\TTXChaguan_admin\WEB-INF\lib\commons-codec-1.9.jar;C:\GuoHaoShiye\apache-tomcat\Yueba-olddemo\apache-tomcat-9.0.12\product\TTXChaguan_admin\WEB-INF\lib\javax.servlet.jsp.jar;C:\GuoHaoShiye\apache-tomcat\Yueba-olddemo\apache-tomcat-9.0.12\product\TTXChaguan_admin\WEB-INF\lib\poi-examples-3.15.jar;C:\GuoHaoShiye\apache-tomcat\Yueba-olddemo\apache-tomcat-9.0.12\product\TTXChaguan_admin\WEB-INF\lib\poi-excelant-3.15.jar;C:\GuoHaoShiye\apache-tomcat\Yueba-olddemo\apache-tomcat-9.0.12\product\TTXChaguan_admin\WEB-INF\lib\core-3.1.0-sources.jar;C:\GuoHaoShiye\apache-tomcat\Yueba-olddemo\apache-tomcat-9.0.12\product\TTXChaguan_admin\WEB-INF\lib\json-lib-2.4-jdk15.jar;C:\GuoHaoShiye\apache-tomcat\Yueba-olddemo\apache-tomcat-9.0.12\product\TTXChaguan_admin\WEB-INF\lib\commons-dbutils-1.6.jar;C:\GuoHaoShiye\apache-tomcat\Yueba-olddemo\apache-tomcat-9.0.12\product\TTXChaguan_admin\WEB-INF\lib\javassist-3.15.0-GA.jar;C:\GuoHaoShiye\apache-tomcat\Yueba-olddemo\apache-tomcat-9.0.12\product\TTXChaguan_admin\WEB-INF\lib\poi-scratchpad-3.15.jar;C:\GuoHaoShiye\apache-tomcat\Yueba-olddemo\apache-tomcat-9.0.12\product\TTXChaguan_admin\WEB-INF\lib\commons-logging-1.1.1.jar;C:\GuoHaoShiye\apache-tomcat\Yueba-olddemo\apache-tomcat-9.0.12\product\TTXChaguan_admin\WEB-INF\lib\javax.servlet.jsp.jstl.jar;C:\GuoHaoShiye\apache-tomcat\Yueba-olddemo\apache-tomcat-9.0.12\product\TTXChaguan_admin\WEB-INF\lib\jboss-logging-3.1.0.GA.jar;C:\GuoHaoShiye\apache-tomcat\Yueba-olddemo\apache-tomcat-9.0.12\product\TTXChaguan_admin\WEB-INF\lib\poi-ooxml-schemas-3.15.jar;C:\GuoHaoShiye\apache-tomcat\Yueba-olddemo\apache-tomcat-9.0.12\product\TTXChaguan_admin\WEB-INF\lib\commons-beanutils-1.8.3.jar;C:\GuoHaoShiye\apache-tomcat\Yueba-olddemo\apache-tomcat-9.0.12\product\TTXChaguan_admin\WEB-INF\lib\commons-fileupload-1.2.1.jar;C:\GuoHaoShiye\apache-tomcat\Yueba-olddemo\apache-tomcat-9.0.12\product\TTXChaguan_admin\WEB-INF\lib\commons-httpclient-3.0.1.jar;C:\GuoHaoShiye\apache-tomcat\Yueba-olddemo\apache-tomcat-9.0.12\product\TTXChaguan_admin\WEB-INF\lib\commons-collections-3.2.1.jar;C:\GuoHaoShiye\apache-tomcat\Yueba-olddemo\apache-tomcat-9.0.12\product\TTXChaguan_admin\WEB-INF\lib\mariadb-java-client-1.1.8.jar;C:\GuoHaoShiye\apache-tomcat\Yueba-olddemo\apache-tomcat-9.0.12\product\TTXChaguan_admin\WEB-INF\lib\hibernate-core-4.1.7.Final.jar;C:\GuoHaoShiye\apache-tomcat\Yueba-olddemo\apache-tomcat-9.0.12\product\TTXChaguan_admin\WEB-INF\lib\mchange-commons-java-0.2.3.4.jar;C:\GuoHaoShiye\apache-tomcat\Yueba-olddemo\apache-tomcat-9.0.12\product\TTXChaguan_admin\WEB-INF\lib\mysql-connector-java-5.1.26-bin.jar;C:\GuoHaoShiye\apache-tomcat\Yueba-olddemo\apache-tomcat-9.0.12\product\TTXChaguan_admin\WEB-INF\lib\hibernate-commons-annotations-4.0.1.Final.jar;C:\GuoHaoShiye\apache-tomcat\Yueba-olddemo\apache-tomcat-9.0.12\product\TTXChaguan_admin\WEB-INF\lib\jboss-transaction-api_1.1_spec-1.0.0.Final.jar;C:\Program Files\JetBrains\IntelliJ IDEA 2018.2.3\lib\idea_rt.jar, java.vm.vendor=Oracle Corporation, sun.arch.data.model=32, user.variant=, java.vendor.url=http://java.oracle.com/, user.timezone=Asia/Shanghai, os.name=Windows 10, java.vm.specification.version=1.8, sun.java.launcher=SUN_STANDARD, user.country=CN, sun.boot.library.path=C:\Program Files (x86)\Java\jdk1.8.0_191\jre\bin, sun.java.command=test.TestHibernateConnect, sun.cpu.endian=little, user.home=C:\Users\liufe, user.language=zh, java.specification.vendor=Oracle Corporation, java.home=C:\Program Files (x86)\Java\jdk1.8.0_191\jre, file.separator=\, line.separator=
, java.vm.specification.vendor=Oracle Corporation, java.specification.name=Java Platform API Specification, connection.autoCommit=true, java.awt.graphicsenv=sun.awt.Win32GraphicsEnvironment, cache.use_second_level_cache=false, sun.boot.class.path=C:\Program Files (x86)\Java\jdk1.8.0_191\jre\lib\resources.jar;C:\Program Files (x86)\Java\jdk1.8.0_191\jre\lib\rt.jar;C:\Program Files (x86)\Java\jdk1.8.0_191\jre\lib\sunrsasign.jar;C:\Program Files (x86)\Java\jdk1.8.0_191\jre\lib\jsse.jar;C:\Program Files (x86)\Java\jdk1.8.0_191\jre\lib\jce.jar;C:\Program Files (x86)\Java\jdk1.8.0_191\jre\lib\charsets.jar;C:\Program Files (x86)\Java\jdk1.8.0_191\jre\lib\jfr.jar;C:\Program Files (x86)\Java\jdk1.8.0_191\jre\classes, user.script=, connection.password=, sun.management.compiler=HotSpot Client Compiler, java.runtime.version=1.8.0_191-b12, user.name=liufe, path.separator=;, hibernate.connection.username=****, os.version=10.0, hibernate.cache.use_query_cach-true=false, java.endorsed.dirs=C:\Program Files (x86)\Java\jdk1.8.0_191\jre\lib\endorsed, java.runtime.name=Java(TM) SE Runtime Environment, hibernate.connection.url=jdbc:mysql://localhost:3306/yueba?characterEncoding=utf-8, hibernate.connection.autoCommit=true, file.encoding=UTF-8, java.vm.name=Java HotSpot(TM) Client VM, hibernate.show_sql=true, show_sql=true, hibernate.connection.driver_class=com.mysql.jdbc.Driver, java.vendor.url.bug=http://bugreport.sun.com/bugreport/, java.io.tmpdir=C:\Users\liufe\AppData\Local\Temp\, java.version=1.8.0_191, user.dir=C:\Swagger-Ranger\git-workspace\Java-Framework\Yueba, os.arch=x86, connection.username=root, java.vm.specification.name=Java Virtual Machine Specification, hibernate.connection.password=****, java.awt.printerjob=sun.awt.windows.WPrinterJob, sun.os.patch.level=, connection.driver_class=com.mysql.jdbc.Driver, hibernate.boot.CfgXmlAccessService.key=org.hibernate.boot.cfgxml.spi.LoadedConfig@1302995, hibernate.cache.use_second_level_cache=false, java.library.path=C:\Program Files (x86)\Java\jdk1.8.0_191\bin;C:\WINDOWS\Sun\Java\bin;C:\WINDOWS\system32;C:\WINDOWS;C:\Program Files (x86)\Common Files\Oracle\Java\javapath;C:\Program Files\Docker\Docker\Resources\bin;C:\Program Files (x86)\Intel\iCLS Client\;C:\Program Files\Intel\iCLS Client\;C:\Windows\system32;C:\Windows;C:\Windows\System32\Wbem;C:\Windows\System32\WindowsPowerShell\v1.0\;C:\Program Files (x86)\Intel\Intel(R) Management Engine Components\DAL;C:\Program Files\Intel\Intel(R) Management Engine Components\DAL;C:\Program Files (x86)\Intel\Intel(R) Management Engine Components\IPT;C:\Program Files\Intel\Intel(R) Management Engine Components\IPT;C:\Program Files (x86)\NVIDIA Corporation\PhysX\Common;C:\Program Files\Intel\WiFi\bin\;C:\Program Files\Common Files\Intel\WirelessCommon\;C:\Program Files\Git\cmd;C:\Program Files (x86)\Java\jdk1.8.0_191\bin;C:\Program Files (x86)\Java\jdk1.8.0_191\jre\bin;C:\WINDOWS\system32;C:\WINDOWS;C:\WINDOWS\System32\Wbem;C:\WINDOWS\System32\WindowsPowerShell\v1.0\;C:\WINDOWS\System32\OpenSSH\;C:\Program Files\MATLAB\R2016a\runtime\win64;C:\Program Files\MATLAB\R2016a\bin;C:\Program Files\MATLAB\R2016a\polyspace\bin;C:\Program Files\apache-maven-3.5.4\bin;C:\GuoHaoShiye\apache-tomcat\Yueba-olddemo\apache-tomcat-9.0.12\bin;C:\Program Files (x86)\GnuWin32\bin;C:\GuoHaoShiye\apache-tomcat\CATALINA_BASE;C:\Users\liufe\AppData\Local\Microsoft\WindowsApps;C:\Users\liufe\AppData\Local\GitHubDesktop\bin;C:\Users\liufe\AppData\Local\Microsoft\WindowsApps;;., java.vendor=Oracle Corporation, java.vm.info=mixed mode, java.vm.version=25.191-b12, hibernate.bytecode.use_reflection_optimizer=false, sun.io.unicode.encoding=UnicodeLittle, java.ext.dirs=C:\Program Files (x86)\Java\jdk1.8.0_191\jre\lib\ext;C:\WINDOWS\Sun\Java\lib\ext, connection.url=jdbc:mysql://localhost:3306/yueba?characterEncoding=utf-8, java.class.version=52.0}
2018-11-02 15:25:21  [ main:1050 ] - [ DEBUG ]  Skipping JACC integration as it was not enabled
2018-11-02 15:25:21  [ main:1066 ] - [ DEBUG ]  Instantiated session factory
2018-11-02 15:25:21  [ main:1066 ] - [ DEBUG ]  Scoping TypeConfiguration [org.hibernate.type.spi.TypeConfiguration@c9d179] to SessionFactoryImpl [org.hibernate.internal.SessionFactoryImpl@1d323e9]
2018-11-02 15:25:21  [ main:1082 ] - [ DEBUG ]  No actions specified; doing nothing
2018-11-02 15:25:21  [ main:1082 ] - [ DEBUG ]  No JtaPlatform was specified, checking resolver
2018-11-02 15:25:21  [ main:1082 ] - [ DEBUG ]  No JtaPlatformResolver was specified, using default [org.hibernate.engine.transaction.jta.platform.internal.StandardJtaPlatformResolver]
2018-11-02 15:25:21  [ main:1082 ] - [ DEBUG ]  Could not resolve JtaPlatform, using default [org.hibernate.engine.transaction.jta.platform.internal.NoJtaPlatform]
2018-11-02 15:25:21  [ main:1082 ] - [ DEBUG ]  Checking 0 named HQL queries
2018-11-02 15:25:21  [ main:1082 ] - [ DEBUG ]  Checking 0 named SQL queries
2018-11-02 15:25:21  [ main:1082 ] - [ DEBUG ]  Initializing SessionFactoryRegistry : org.hibernate.internal.SessionFactoryRegistry@16f4b65
2018-11-02 15:25:21  [ main:1082 ] - [ DEBUG ]  Registering SessionFactory: 9d64c843-929b-47cd-a894-27d22dc165da (<unnamed>)
2018-11-02 15:25:21  [ main:1082 ] - [ DEBUG ]  Not binding SessionFactory to JNDI, no JNDI name configured
2018-11-02 15:25:21  [ main:1144 ] - [ DEBUG ]  Statistics initialized [enabled=false]
2018-11-02 15:25:21  [ main:1144 ] - [ DEBUG ]  On TransactionImpl creation, JpaCompliance#isJpaTransactionComplianceEnabled == false
2018-11-02 15:25:21  [ main:1144 ] - [ DEBUG ]  begin
2018-11-02 15:25:21  [ main:1175 ] - [ DEBUG ]  select count(id) from Users
2018-11-02 15:25:21  [ main:1175 ] - [ DEBUG ]  Result set row: 0
2018-11-02 15:25:21  [ main:1175 ] - [ DEBUG ]  Result row: 
2018-11-02 15:25:21  [ main:1191 ] - [ DEBUG ]  Adding Integrator [org.hibernate.cfg.beanvalidation.BeanValidationIntegrator].
2018-11-02 15:25:21  [ main:1191 ] - [ DEBUG ]  Adding Integrator [org.hibernate.secure.spi.JaccIntegrator].
2018-11-02 15:25:21  [ main:1191 ] - [ DEBUG ]  Adding Integrator [org.hibernate.cache.internal.CollectionCacheInvalidator].
2018-11-02 15:25:21  [ main:1191 ] - [ DEBUG ]  Interpreting public/system identifier : [-//Hibernate/Hibernate Configuration DTD//EN] - [http://www.hibernate.org/dtd/hibernate-configuration-3.0.dtd]
2018-11-02 15:25:21  [ main:1191 ] - [ DEBUG ]  Recognized hibernate-configuration identifier; attempting to resolve on classpath under org/hibernate/
2018-11-02 15:25:21  [ main:1191 ] - [ DEBUG ]  cfg.xml document did not define namespaces; wrapping in custom event reader to introduce namespace information
2018-11-02 15:25:21  [ main:1222 ] - [ DEBUG ]  Adding Integrator [org.hibernate.cfg.beanvalidation.BeanValidationIntegrator].
2018-11-02 15:25:21  [ main:1222 ] - [ DEBUG ]  Adding Integrator [org.hibernate.secure.spi.JaccIntegrator].
2018-11-02 15:25:21  [ main:1222 ] - [ DEBUG ]  Adding Integrator [org.hibernate.cache.internal.CollectionCacheInvalidator].
2018-11-02 15:25:21  [ main:1222 ] - [ DEBUG ]  Overriding existing service binding [org.hibernate.secure.spi.JaccService]
2018-11-02 15:25:21  [ main:1222 ] - [ DEBUG ]  Building session factory using provided StandardServiceRegistry
2018-11-02 15:25:21  [ main:1222 ] - [ DEBUG ]  Cache region factory : org.hibernate.cache.internal.NoCachingRegionFactory
2018-11-02 15:25:21  [ main:1222 ] - [ DEBUG ]  Adding type registration boolean -> org.hibernate.type.BooleanType@1182842
2018-11-02 15:25:21  [ main:1222 ] - [ DEBUG ]  Adding type registration boolean -> org.hibernate.type.BooleanType@1182842
2018-11-02 15:25:21  [ main:1222 ] - [ DEBUG ]  Adding type registration java.lang.Boolean -> org.hibernate.type.BooleanType@1182842
2018-11-02 15:25:21  [ main:1222 ] - [ DEBUG ]  Adding type registration numeric_boolean -> org.hibernate.type.NumericBooleanType@56be13
2018-11-02 15:25:21  [ main:1222 ] - [ DEBUG ]  Adding type registration true_false -> org.hibernate.type.TrueFalseType@cd1699
2018-11-02 15:25:21  [ main:1222 ] - [ DEBUG ]  Adding type registration yes_no -> org.hibernate.type.YesNoType@11d44a3
2018-11-02 15:25:21  [ main:1222 ] - [ DEBUG ]  Adding type registration byte -> org.hibernate.type.ByteType@1fb9ffc
2018-11-02 15:25:21  [ main:1222 ] - [ DEBUG ]  Adding type registration byte -> org.hibernate.type.ByteType@1fb9ffc
2018-11-02 15:25:21  [ main:1222 ] - [ DEBUG ]  Adding type registration java.lang.Byte -> org.hibernate.type.ByteType@1fb9ffc
2018-11-02 15:25:21  [ main:1222 ] - [ DEBUG ]  Adding type registration character -> org.hibernate.type.CharacterType@190fc5b
2018-11-02 15:25:21  [ main:1222 ] - [ DEBUG ]  Adding type registration char -> org.hibernate.type.CharacterType@190fc5b
2018-11-02 15:25:21  [ main:1222 ] - [ DEBUG ]  Adding type registration java.lang.Character -> org.hibernate.type.CharacterType@190fc5b
2018-11-02 15:25:21  [ main:1222 ] - [ DEBUG ]  Adding type registration short -> org.hibernate.type.ShortType@1e94a96
2018-11-02 15:25:21  [ main:1222 ] - [ DEBUG ]  Adding type registration short -> org.hibernate.type.ShortType@1e94a96
2018-11-02 15:25:21  [ main:1222 ] - [ DEBUG ]  Adding type registration java.lang.Short -> org.hibernate.type.ShortType@1e94a96
2018-11-02 15:25:21  [ main:1222 ] - [ DEBUG ]  Adding type registration integer -> org.hibernate.type.IntegerType@13379b4
2018-11-02 15:25:21  [ main:1222 ] - [ DEBUG ]  Adding type registration int -> org.hibernate.type.IntegerType@13379b4
2018-11-02 15:25:21  [ main:1222 ] - [ DEBUG ]  Adding type registration java.lang.Integer -> org.hibernate.type.IntegerType@13379b4
2018-11-02 15:25:21  [ main:1222 ] - [ DEBUG ]  Adding type registration long -> org.hibernate.type.LongType@12ea799
2018-11-02 15:25:21  [ main:1222 ] - [ DEBUG ]  Adding type registration long -> org.hibernate.type.LongType@12ea799
2018-11-02 15:25:21  [ main:1222 ] - [ DEBUG ]  Adding type registration java.lang.Long -> org.hibernate.type.LongType@12ea799
2018-11-02 15:25:21  [ main:1222 ] - [ DEBUG ]  Adding type registration float -> org.hibernate.type.FloatType@1c9d689
2018-11-02 15:25:21  [ main:1222 ] - [ DEBUG ]  Adding type registration float -> org.hibernate.type.FloatType@1c9d689
2018-11-02 15:25:21  [ main:1222 ] - [ DEBUG ]  Adding type registration java.lang.Float -> org.hibernate.type.FloatType@1c9d689
2018-11-02 15:25:21  [ main:1222 ] - [ DEBUG ]  Adding type registration double -> org.hibernate.type.DoubleType@1bf0d49
2018-11-02 15:25:21  [ main:1222 ] - [ DEBUG ]  Adding type registration double -> org.hibernate.type.DoubleType@1bf0d49
2018-11-02 15:25:21  [ main:1222 ] - [ DEBUG ]  Adding type registration java.lang.Double -> org.hibernate.type.DoubleType@1bf0d49
2018-11-02 15:25:21  [ main:1222 ] - [ DEBUG ]  Adding type registration big_decimal -> org.hibernate.type.BigDecimalType@1d4a5c2
2018-11-02 15:25:21  [ main:1222 ] - [ DEBUG ]  Adding type registration java.math.BigDecimal -> org.hibernate.type.BigDecimalType@1d4a5c2
2018-11-02 15:25:21  [ main:1222 ] - [ DEBUG ]  Adding type registration big_integer -> org.hibernate.type.BigIntegerType@730b35
2018-11-02 15:25:21  [ main:1222 ] - [ DEBUG ]  Adding type registration java.math.BigInteger -> org.hibernate.type.BigIntegerType@730b35
2018-11-02 15:25:21  [ main:1222 ] - [ DEBUG ]  Adding type registration string -> org.hibernate.type.StringType@1752059
2018-11-02 15:25:21  [ main:1222 ] - [ DEBUG ]  Adding type registration java.lang.String -> org.hibernate.type.StringType@1752059
2018-11-02 15:25:21  [ main:1222 ] - [ DEBUG ]  Adding type registration nstring -> org.hibernate.type.StringNVarcharType@d9d12d
2018-11-02 15:25:21  [ main:1222 ] - [ DEBUG ]  Adding type registration ncharacter -> org.hibernate.type.CharacterNCharType@2657cc
2018-11-02 15:25:21  [ main:1222 ] - [ DEBUG ]  Adding type registration url -> org.hibernate.type.UrlType@11ef81a
2018-11-02 15:25:21  [ main:1222 ] - [ DEBUG ]  Adding type registration java.net.URL -> org.hibernate.type.UrlType@11ef81a
2018-11-02 15:25:21  [ main:1222 ] - [ DEBUG ]  Adding type registration Duration -> org.hibernate.type.DurationType@12331b
2018-11-02 15:25:21  [ main:1222 ] - [ DEBUG ]  Adding type registration java.time.Duration -> org.hibernate.type.DurationType@12331b
2018-11-02 15:25:21  [ main:1222 ] - [ DEBUG ]  Adding type registration Instant -> org.hibernate.type.InstantType@15958c9
2018-11-02 15:25:21  [ main:1222 ] - [ DEBUG ]  Adding type registration java.time.Instant -> org.hibernate.type.InstantType@15958c9
2018-11-02 15:25:21  [ main:1222 ] - [ DEBUG ]  Adding type registration LocalDateTime -> org.hibernate.type.LocalDateTimeType@185a6e9
2018-11-02 15:25:21  [ main:1222 ] - [ DEBUG ]  Adding type registration java.time.LocalDateTime -> org.hibernate.type.LocalDateTimeType@185a6e9
2018-11-02 15:25:21  [ main:1222 ] - [ DEBUG ]  Adding type registration LocalDate -> org.hibernate.type.LocalDateType@d3e762
2018-11-02 15:25:21  [ main:1238 ] - [ DEBUG ]  Adding type registration java.time.LocalDate -> org.hibernate.type.LocalDateType@d3e762
2018-11-02 15:25:21  [ main:1238 ] - [ DEBUG ]  Adding type registration LocalTime -> org.hibernate.type.LocalTimeType@e52ef6
2018-11-02 15:25:21  [ main:1238 ] - [ DEBUG ]  Adding type registration java.time.LocalTime -> org.hibernate.type.LocalTimeType@e52ef6
2018-11-02 15:25:21  [ main:1238 ] - [ DEBUG ]  Adding type registration OffsetDateTime -> org.hibernate.type.OffsetDateTimeType@57f613
2018-11-02 15:25:21  [ main:1238 ] - [ DEBUG ]  Adding type registration java.time.OffsetDateTime -> org.hibernate.type.OffsetDateTimeType@57f613
2018-11-02 15:25:21  [ main:1238 ] - [ DEBUG ]  Adding type registration OffsetTime -> org.hibernate.type.OffsetTimeType@1079097
2018-11-02 15:25:21  [ main:1238 ] - [ DEBUG ]  Adding type registration java.time.OffsetTime -> org.hibernate.type.OffsetTimeType@1079097
2018-11-02 15:25:21  [ main:1238 ] - [ DEBUG ]  Adding type registration ZonedDateTime -> org.hibernate.type.ZonedDateTimeType@8c8dcf
2018-11-02 15:25:21  [ main:1238 ] - [ DEBUG ]  Adding type registration java.time.ZonedDateTime -> org.hibernate.type.ZonedDateTimeType@8c8dcf
2018-11-02 15:25:21  [ main:1238 ] - [ DEBUG ]  Adding type registration date -> org.hibernate.type.DateType@19fedbd
2018-11-02 15:25:21  [ main:1238 ] - [ DEBUG ]  Adding type registration java.sql.Date -> org.hibernate.type.DateType@19fedbd
2018-11-02 15:25:21  [ main:1238 ] - [ DEBUG ]  Adding type registration time -> org.hibernate.type.TimeType@1f4931d
2018-11-02 15:25:21  [ main:1238 ] - [ DEBUG ]  Adding type registration java.sql.Time -> org.hibernate.type.TimeType@1f4931d
2018-11-02 15:25:21  [ main:1238 ] - [ DEBUG ]  Adding type registration timestamp -> org.hibernate.type.TimestampType@17fd62
2018-11-02 15:25:21  [ main:1238 ] - [ DEBUG ]  Adding type registration java.sql.Timestamp -> org.hibernate.type.TimestampType@17fd62
2018-11-02 15:25:21  [ main:1238 ] - [ DEBUG ]  Adding type registration java.util.Date -> org.hibernate.type.TimestampType@17fd62
2018-11-02 15:25:21  [ main:1238 ] - [ DEBUG ]  Adding type registration dbtimestamp -> org.hibernate.type.DbTimestampType@12c9a9c
2018-11-02 15:25:21  [ main:1238 ] - [ DEBUG ]  Adding type registration calendar -> org.hibernate.type.CalendarType@7bddad
2018-11-02 15:25:21  [ main:1238 ] - [ DEBUG ]  Adding type registration java.util.Calendar -> org.hibernate.type.CalendarType@7bddad
2018-11-02 15:25:21  [ main:1238 ] - [ DEBUG ]  Adding type registration java.util.GregorianCalendar -> org.hibernate.type.CalendarType@7bddad
2018-11-02 15:25:21  [ main:1238 ] - [ DEBUG ]  Adding type registration calendar_date -> org.hibernate.type.CalendarDateType@5d171f
2018-11-02 15:25:21  [ main:1238 ] - [ DEBUG ]  Adding type registration locale -> org.hibernate.type.LocaleType@40365c
2018-11-02 15:25:21  [ main:1238 ] - [ DEBUG ]  Adding type registration java.util.Locale -> org.hibernate.type.LocaleType@40365c
2018-11-02 15:25:21  [ main:1238 ] - [ DEBUG ]  Adding type registration currency -> org.hibernate.type.CurrencyType@1f3b89c
2018-11-02 15:25:21  [ main:1238 ] - [ DEBUG ]  Adding type registration java.util.Currency -> org.hibernate.type.CurrencyType@1f3b89c
2018-11-02 15:25:21  [ main:1238 ] - [ DEBUG ]  Adding type registration timezone -> org.hibernate.type.TimeZoneType@20d525
2018-11-02 15:25:21  [ main:1238 ] - [ DEBUG ]  Adding type registration java.util.TimeZone -> org.hibernate.type.TimeZoneType@20d525
2018-11-02 15:25:21  [ main:1238 ] - [ DEBUG ]  Adding type registration class -> org.hibernate.type.ClassType@e13544
2018-11-02 15:25:21  [ main:1238 ] - [ DEBUG ]  Adding type registration java.lang.Class -> org.hibernate.type.ClassType@e13544
2018-11-02 15:25:21  [ main:1238 ] - [ DEBUG ]  Adding type registration uuid-binary -> org.hibernate.type.UUIDBinaryType@7e5365
2018-11-02 15:25:21  [ main:1238 ] - [ DEBUG ]  Adding type registration java.util.UUID -> org.hibernate.type.UUIDBinaryType@7e5365
2018-11-02 15:25:21  [ main:1238 ] - [ DEBUG ]  Adding type registration uuid-char -> org.hibernate.type.UUIDCharType@1475ace
2018-11-02 15:25:21  [ main:1238 ] - [ DEBUG ]  Adding type registration binary -> org.hibernate.type.BinaryType@d18979
2018-11-02 15:25:21  [ main:1238 ] - [ DEBUG ]  Adding type registration byte[] -> org.hibernate.type.BinaryType@d18979
2018-11-02 15:25:21  [ main:1238 ] - [ DEBUG ]  Adding type registration [B -> org.hibernate.type.BinaryType@d18979
2018-11-02 15:25:21  [ main:1238 ] - [ DEBUG ]  Adding type registration wrapper-binary -> org.hibernate.type.WrapperBinaryType@1b6aecc
2018-11-02 15:25:21  [ main:1238 ] - [ DEBUG ]  Adding type registration Byte[] -> org.hibernate.type.WrapperBinaryType@1b6aecc
2018-11-02 15:25:21  [ main:1238 ] - [ DEBUG ]  Adding type registration [Ljava.lang.Byte; -> org.hibernate.type.WrapperBinaryType@1b6aecc
2018-11-02 15:25:21  [ main:1238 ] - [ DEBUG ]  Adding type registration row_version -> org.hibernate.type.RowVersionType@66f1f5
2018-11-02 15:25:21  [ main:1238 ] - [ DEBUG ]  Adding type registration image -> org.hibernate.type.ImageType@a9760d
2018-11-02 15:25:21  [ main:1238 ] - [ DEBUG ]  Adding type registration characters -> org.hibernate.type.CharArrayType@1d09a04
2018-11-02 15:25:21  [ main:1238 ] - [ DEBUG ]  Adding type registration char[] -> org.hibernate.type.CharArrayType@1d09a04
2018-11-02 15:25:21  [ main:1238 ] - [ DEBUG ]  Adding type registration [C -> org.hibernate.type.CharArrayType@1d09a04
2018-11-02 15:25:21  [ main:1238 ] - [ DEBUG ]  Adding type registration wrapper-characters -> org.hibernate.type.CharacterArrayType@2f6f80
2018-11-02 15:25:21  [ main:1238 ] - [ DEBUG ]  Adding type registration [Ljava.lang.Character; -> org.hibernate.type.CharacterArrayType@2f6f80
2018-11-02 15:25:21  [ main:1238 ] - [ DEBUG ]  Adding type registration Character[] -> org.hibernate.type.CharacterArrayType@2f6f80
2018-11-02 15:25:21  [ main:1238 ] - [ DEBUG ]  Adding type registration text -> org.hibernate.type.TextType@11caca8
2018-11-02 15:25:21  [ main:1238 ] - [ DEBUG ]  Adding type registration ntext -> org.hibernate.type.NTextType@8c3b9d
2018-11-02 15:25:21  [ main:1238 ] - [ DEBUG ]  Adding type registration blob -> org.hibernate.type.BlobType@b3fd41
2018-11-02 15:25:21  [ main:1238 ] - [ DEBUG ]  Adding type registration java.sql.Blob -> org.hibernate.type.BlobType@b3fd41
2018-11-02 15:25:21  [ main:1238 ] - [ DEBUG ]  Adding type registration materialized_blob -> org.hibernate.type.MaterializedBlobType@377400
2018-11-02 15:25:21  [ main:1238 ] - [ DEBUG ]  Adding type registration clob -> org.hibernate.type.ClobType@4487af
2018-11-02 15:25:21  [ main:1238 ] - [ DEBUG ]  Adding type registration java.sql.Clob -> org.hibernate.type.ClobType@4487af
2018-11-02 15:25:21  [ main:1238 ] - [ DEBUG ]  Adding type registration nclob -> org.hibernate.type.NClobType@309d4d
2018-11-02 15:25:21  [ main:1238 ] - [ DEBUG ]  Adding type registration java.sql.NClob -> org.hibernate.type.NClobType@309d4d
2018-11-02 15:25:21  [ main:1238 ] - [ DEBUG ]  Adding type registration materialized_clob -> org.hibernate.type.MaterializedClobType@ab778a
2018-11-02 15:25:21  [ main:1238 ] - [ DEBUG ]  Adding type registration materialized_nclob -> org.hibernate.type.MaterializedNClobType@1dac5ef
2018-11-02 15:25:21  [ main:1238 ] - [ DEBUG ]  Adding type registration serializable -> org.hibernate.type.SerializableType@11b4bf5
2018-11-02 15:25:21  [ main:1238 ] - [ DEBUG ]  Adding type registration object -> org.hibernate.type.ObjectType@509ffa
2018-11-02 15:25:21  [ main:1238 ] - [ DEBUG ]  Adding type registration java.lang.Object -> org.hibernate.type.ObjectType@509ffa
2018-11-02 15:25:21  [ main:1238 ] - [ DEBUG ]  Adding type registration imm_date -> org.hibernate.type.AdaptedImmutableType@e3a2b2
2018-11-02 15:25:21  [ main:1238 ] - [ DEBUG ]  Adding type registration imm_time -> org.hibernate.type.AdaptedImmutableType@1639ae
2018-11-02 15:25:21  [ main:1238 ] - [ DEBUG ]  Adding type registration imm_timestamp -> org.hibernate.type.AdaptedImmutableType@550889
2018-11-02 15:25:21  [ main:1238 ] - [ DEBUG ]  Adding type registration imm_dbtimestamp -> org.hibernate.type.AdaptedImmutableType@12bd371
2018-11-02 15:25:21  [ main:1238 ] - [ DEBUG ]  Adding type registration imm_calendar -> org.hibernate.type.AdaptedImmutableType@40454
2018-11-02 15:25:21  [ main:1238 ] - [ DEBUG ]  Adding type registration imm_calendar_date -> org.hibernate.type.AdaptedImmutableType@1fe9e33
2018-11-02 15:25:21  [ main:1238 ] - [ DEBUG ]  Adding type registration imm_binary -> org.hibernate.type.AdaptedImmutableType@18bc345
2018-11-02 15:25:21  [ main:1238 ] - [ DEBUG ]  Adding type registration imm_serializable -> org.hibernate.type.AdaptedImmutableType@f8285e
2018-11-02 15:25:21  [ main:1238 ] - [ DEBUG ]  Registering IdentifierGenerator strategy [uuid2] -> [org.hibernate.id.UUIDGenerator]
2018-11-02 15:25:21  [ main:1238 ] - [ DEBUG ]  Registering IdentifierGenerator strategy [guid] -> [org.hibernate.id.GUIDGenerator]
2018-11-02 15:25:21  [ main:1238 ] - [ DEBUG ]  Registering IdentifierGenerator strategy [uuid] -> [org.hibernate.id.UUIDHexGenerator]
2018-11-02 15:25:21  [ main:1238 ] - [ DEBUG ]  Registering IdentifierGenerator strategy [uuid.hex] -> [org.hibernate.id.UUIDHexGenerator]
2018-11-02 15:25:21  [ main:1238 ] - [ DEBUG ]  Registering IdentifierGenerator strategy [assigned] -> [org.hibernate.id.Assigned]
2018-11-02 15:25:21  [ main:1238 ] - [ DEBUG ]  Registering IdentifierGenerator strategy [identity] -> [org.hibernate.id.IdentityGenerator]
2018-11-02 15:25:21  [ main:1238 ] - [ DEBUG ]  Registering IdentifierGenerator strategy [select] -> [org.hibernate.id.SelectGenerator]
2018-11-02 15:25:21  [ main:1238 ] - [ DEBUG ]  Registering IdentifierGenerator strategy [sequence] -> [org.hibernate.id.enhanced.SequenceStyleGenerator]
2018-11-02 15:25:21  [ main:1238 ] - [ DEBUG ]  Registering IdentifierGenerator strategy [seqhilo] -> [org.hibernate.id.SequenceHiLoGenerator]
2018-11-02 15:25:21  [ main:1238 ] - [ DEBUG ]  Registering IdentifierGenerator strategy [increment] -> [org.hibernate.id.IncrementGenerator]
2018-11-02 15:25:21  [ main:1238 ] - [ DEBUG ]  Registering IdentifierGenerator strategy [foreign] -> [org.hibernate.id.ForeignGenerator]
2018-11-02 15:25:21  [ main:1238 ] - [ DEBUG ]  Registering IdentifierGenerator strategy [sequence-identity] -> [org.hibernate.id.SequenceIdentityGenerator]
2018-11-02 15:25:21  [ main:1238 ] - [ DEBUG ]  Registering IdentifierGenerator strategy [enhanced-sequence] -> [org.hibernate.id.enhanced.SequenceStyleGenerator]
2018-11-02 15:25:21  [ main:1238 ] - [ DEBUG ]  Registering IdentifierGenerator strategy [enhanced-table] -> [org.hibernate.id.enhanced.TableGenerator]
2018-11-02 15:25:21  [ main:1238 ] - [ WARN ]  HHH10001002: Using Hibernate built-in connection pool (not for production use!)
2018-11-02 15:25:21  [ main:1238 ] - [ INFO ]  HHH10001005: using driver [com.mysql.jdbc.Driver] at URL [jdbc:mysql://localhost:3306/yueba?characterEncoding=utf-8]
2018-11-02 15:25:21  [ main:1238 ] - [ INFO ]  HHH10001001: Connection properties: {autoCommit=true, user=root, password=}
2018-11-02 15:25:21  [ main:1238 ] - [ INFO ]  HHH10001003: Autocommit mode: false
2018-11-02 15:25:21  [ main:1238 ] - [ DEBUG ]  Initializing Connection pool with 1 Connections
2018-11-02 15:25:21  [ main:1238 ] - [ INFO ]  HHH000115: Hibernate connection pool size: 20 (min=1)
2018-11-02 15:25:21  [ main:1238 ] - [ DEBUG ]  Database ->
       name : MySQL
    version : 5.7.17
      major : 5
      minor : 7
2018-11-02 15:25:21  [ main:1238 ] - [ DEBUG ]  Driver ->
       name : MySQL Connector Java
    version : mysql-connector-java-5.1.26 ( Revision: ${bzr.revision-id} )
      major : 5
      minor : 1
2018-11-02 15:25:21  [ main:1238 ] - [ DEBUG ]  JDBC version : 4.0
2018-11-02 15:25:21  [ main:1238 ] - [ INFO ]  HHH000400: Using dialect: org.hibernate.dialect.MySQL5Dialect
2018-11-02 15:25:21  [ main:1238 ] - [ DEBUG ]  JDBC driver metadata reported database stores quoted identifiers in more than one case
2018-11-02 15:25:21  [ main:1253 ] - [ DEBUG ]  IdentifierCaseStrategy for both quoted and unquoted identifiers was set to the same strategy [LOWER]; that will likely lead to problems in schema update and validation if using quoted identifiers
2018-11-02 15:25:21  [ main:1253 ] - [ DEBUG ]  Created database namespace [logicalName=Name{catalog=null, schema=null}, physicalName=Name{catalog=null, schema=null}]
2018-11-02 15:25:21  [ main:1253 ] - [ DEBUG ]  Scoping TypeConfiguration [org.hibernate.type.spi.TypeConfiguration@14205be] to MetadataBuildingContext [org.hibernate.boot.internal.MetadataBuildingContextRootImpl@e22bdd]
2018-11-02 15:25:21  [ main:1253 ] - [ DEBUG ]  Building session factory
2018-11-02 15:25:21  [ main:1253 ] - [ DEBUG ]  SessionFactory name : null
2018-11-02 15:25:21  [ main:1253 ] - [ DEBUG ]  Automatic flush during beforeCompletion(): enabled
2018-11-02 15:25:21  [ main:1253 ] - [ DEBUG ]  Automatic session close at end of transaction: disabled
2018-11-02 15:25:21  [ main:1253 ] - [ DEBUG ]  Statistics: disabled
2018-11-02 15:25:21  [ main:1253 ] - [ DEBUG ]  Deleted entity synthetic identifier rollback: disabled
2018-11-02 15:25:21  [ main:1253 ] - [ DEBUG ]  Default entity-mode: pojo
2018-11-02 15:25:21  [ main:1253 ] - [ DEBUG ]  Check Nullability in Core (should be disabled when Bean Validation is on): enabled
2018-11-02 15:25:21  [ main:1253 ] - [ DEBUG ]  Allow initialization of lazy state outside session : disabled
2018-11-02 15:25:21  [ main:1253 ] - [ DEBUG ]  Using BatchFetchStyle : LEGACY
2018-11-02 15:25:21  [ main:1253 ] - [ DEBUG ]  Default batch fetch size: -1
2018-11-02 15:25:21  [ main:1253 ] - [ DEBUG ]  Maximum outer join fetch depth: 2
2018-11-02 15:25:21  [ main:1253 ] - [ DEBUG ]  Default null ordering: NONE
2018-11-02 15:25:21  [ main:1253 ] - [ DEBUG ]  Order SQL updates by primary key: disabled
2018-11-02 15:25:21  [ main:1253 ] - [ DEBUG ]  Order SQL inserts for batching: disabled
2018-11-02 15:25:21  [ main:1253 ] - [ DEBUG ]  multi-tenancy strategy : NONE
2018-11-02 15:25:21  [ main:1253 ] - [ DEBUG ]  JTA Track by Thread: enabled
2018-11-02 15:25:21  [ main:1253 ] - [ DEBUG ]  Query language substitutions: {}
2018-11-02 15:25:21  [ main:1253 ] - [ DEBUG ]  Named query checking : enabled
2018-11-02 15:25:21  [ main:1253 ] - [ DEBUG ]  Second-level cache: disabled
2018-11-02 15:25:21  [ main:1253 ] - [ DEBUG ]  Second-level query cache: disabled
2018-11-02 15:25:21  [ main:1253 ] - [ DEBUG ]  Second-level query cache factory: null
2018-11-02 15:25:21  [ main:1253 ] - [ DEBUG ]  Second-level cache region prefix: null
2018-11-02 15:25:21  [ main:1253 ] - [ DEBUG ]  Optimize second-level cache for minimal puts: disabled
2018-11-02 15:25:21  [ main:1253 ] - [ DEBUG ]  Structured second-level cache entries: disabled
2018-11-02 15:25:21  [ main:1253 ] - [ DEBUG ]  Second-level cache direct-reference entries: disabled
2018-11-02 15:25:21  [ main:1253 ] - [ DEBUG ]  Automatic eviction of collection cache: disabled
2018-11-02 15:25:21  [ main:1253 ] - [ DEBUG ]  JDBC batch size: 15
2018-11-02 15:25:21  [ main:1253 ] - [ DEBUG ]  JDBC batch updates for versioned data: enabled
2018-11-02 15:25:21  [ main:1253 ] - [ DEBUG ]  Scrollable result sets: enabled
2018-11-02 15:25:21  [ main:1253 ] - [ DEBUG ]  Wrap result sets: disabled
2018-11-02 15:25:21  [ main:1253 ] - [ DEBUG ]  JDBC3 getGeneratedKeys(): enabled
2018-11-02 15:25:21  [ main:1253 ] - [ DEBUG ]  JDBC result set fetch size: null
2018-11-02 15:25:21  [ main:1253 ] - [ DEBUG ]  Connection release mode: AFTER_TRANSACTION
2018-11-02 15:25:21  [ main:1253 ] - [ DEBUG ]  Generate SQL with comments: disabled
2018-11-02 15:25:21  [ main:1253 ] - [ DEBUG ]  JPA compliance - query : 
2018-11-02 15:25:21  [ main:1253 ] - [ DEBUG ]  JPA compliance - closed-handling : 
2018-11-02 15:25:21  [ main:1253 ] - [ DEBUG ]  JPA compliance - lists : 
2018-11-02 15:25:21  [ main:1253 ] - [ DEBUG ]  JPA compliance - transactions : 
2018-11-02 15:25:21  [ main:1253 ] - [ DEBUG ]  Session factory constructed with filter configurations : {}
2018-11-02 15:25:21  [ main:1253 ] - [ DEBUG ]  Instantiating session factory with properties: {sun.desktop=windows, awt.toolkit=sun.awt.windows.WToolkit, dialect=org.hibernate.dialect.MySQL5Dialect, file.encoding.pkg=sun.io, java.specification.version=1.8, sun.cpu.isalist=pentium_pro+mmx pentium_pro pentium+mmx pentium i486 i386 i86, sun.jnu.encoding=GBK, hibernate.dialect=org.hibernate.dialect.MySQL5Dialect, java.class.path=C:\Program Files (x86)\Java\jdk1.8.0_191\jre\lib\charsets.jar;C:\Program Files (x86)\Java\jdk1.8.0_191\jre\lib\deploy.jar;C:\Program Files (x86)\Java\jdk1.8.0_191\jre\lib\ext\access-bridge-32.jar;C:\Program Files (x86)\Java\jdk1.8.0_191\jre\lib\ext\cldrdata.jar;C:\Program Files (x86)\Java\jdk1.8.0_191\jre\lib\ext\dnsns.jar;C:\Program Files (x86)\Java\jdk1.8.0_191\jre\lib\ext\jaccess.jar;C:\Program Files (x86)\Java\jdk1.8.0_191\jre\lib\ext\jfxrt.jar;C:\Program Files (x86)\Java\jdk1.8.0_191\jre\lib\ext\localedata.jar;C:\Program Files (x86)\Java\jdk1.8.0_191\jre\lib\ext\nashorn.jar;C:\Program Files (x86)\Java\jdk1.8.0_191\jre\lib\ext\sunec.jar;C:\Program Files (x86)\Java\jdk1.8.0_191\jre\lib\ext\sunjce_provider.jar;C:\Program Files (x86)\Java\jdk1.8.0_191\jre\lib\ext\sunmscapi.jar;C:\Program Files (x86)\Java\jdk1.8.0_191\jre\lib\ext\sunpkcs11.jar;C:\Program Files (x86)\Java\jdk1.8.0_191\jre\lib\ext\zipfs.jar;C:\Program Files (x86)\Java\jdk1.8.0_191\jre\lib\javaws.jar;C:\Program Files (x86)\Java\jdk1.8.0_191\jre\lib\jce.jar;C:\Program Files (x86)\Java\jdk1.8.0_191\jre\lib\jfr.jar;C:\Program Files (x86)\Java\jdk1.8.0_191\jre\lib\jfxswt.jar;C:\Program Files (x86)\Java\jdk1.8.0_191\jre\lib\jsse.jar;C:\Program Files (x86)\Java\jdk1.8.0_191\jre\lib\management-agent.jar;C:\Program Files (x86)\Java\jdk1.8.0_191\jre\lib\plugin.jar;C:\Program Files (x86)\Java\jdk1.8.0_191\jre\lib\resources.jar;C:\Program Files (x86)\Java\jdk1.8.0_191\jre\lib\rt.jar;C:\Swagger-Ranger\git-workspace\Java-Framework\Yueba\out\production\Yueba;C:\Swagger-Ranger\git-workspace\Java-Framework\Yueba\lib\classmate-1.3.4.jar;C:\Swagger-Ranger\git-workspace\Java-Framework\Yueba\lib\jandex-2.0.5.Final.jar;C:\Swagger-Ranger\git-workspace\Java-Framework\Yueba\lib\hibernate-commons-annotations-5.0.4.Final.jar;C:\Swagger-Ranger\git-workspace\Java-Framework\Yueba\lib\antlr-2.7.7.jar;C:\Swagger-Ranger\git-workspace\Java-Framework\Yueba\lib\dom4j-2.1.1.jar;C:\Swagger-Ranger\git-workspace\Java-Framework\Yueba\lib\javassist-3.23.1-GA.jar;C:\Swagger-Ranger\git-workspace\Java-Framework\Yueba\lib\javax.activation-api-1.2.0.jar;C:\Swagger-Ranger\git-workspace\Java-Framework\Yueba\lib\byte-buddy-1.8.17.jar;C:\Swagger-Ranger\git-workspace\Java-Framework\Yueba\lib\jboss-logging-3.3.2.Final.jar;C:\Swagger-Ranger\git-workspace\Java-Framework\Yueba\lib\javax.persistence-api-2.2.jar;C:\Swagger-Ranger\git-workspace\Java-Framework\Yueba\lib\jboss-transaction-api_1.2_spec-1.1.1.Final.jar;C:\Swagger-Ranger\git-workspace\Java-Framework\Yueba\lib\hibernate-core-5.3.7.Final.jar;C:\GuoHaoShiye\apache-tomcat\Yueba-olddemo\apache-tomcat-9.0.12\product\TTXChaguan_admin\WEB-INF\lib\hibernate-c3p0-4.1.7.Final.jar;C:\GuoHaoShiye\apache-tomcat\Yueba-olddemo\apache-tomcat-9.0.12\product\TTXChaguan_admin\WEB-INF\lib\hibernate-jpa-2.0-api-1.0.1.Final.jar;C:\Swagger-Ranger\git-workspace\Java-Framework\Yueba\lib\spring-aop-4.3.18.RELEASE.jar;C:\Swagger-Ranger\git-workspace\Java-Framework\Yueba\lib\spring-beans-4.3.18.RELEASE.jar;C:\Swagger-Ranger\git-workspace\Java-Framework\Yueba\lib\spring-expression-4.3.18.RELEASE.jar;C:\Swagger-Ranger\git-workspace\Java-Framework\Yueba\lib\spring-instrument-4.3.18.RELEASE.jar;C:\Swagger-Ranger\git-workspace\Java-Framework\Yueba\lib\spring-core-4.3.18.RELEASE.jar;C:\Swagger-Ranger\git-workspace\Java-Framework\Yueba\lib\spring-context-4.3.18.RELEASE.jar;C:\Swagger-Ranger\git-workspace\Java-Framework\Yueba\lib\spring-messaging-4.3.18.RELEASE.jar;C:\Swagger-Ranger\git-workspace\Java-Framework\Yueba\lib\spring-jms-4.3.18.RELEASE.jar;C:\Swagger-Ranger\git-workspace\Java-Framework\Yueba\lib\spring-jdbc-4.3.18.RELEASE.jar;C:\Swagger-Ranger\git-workspace\Java-Framework\Yueba\lib\spring-aspects-4.3.18.RELEASE.jar;C:\Swagger-Ranger\git-workspace\Java-Framework\Yueba\lib\spring-instrument-tomcat-4.3.18.RELEASE.jar;C:\Swagger-Ranger\git-workspace\Java-Framework\Yueba\lib\spring-orm-4.3.18.RELEASE.jar;C:\Swagger-Ranger\git-workspace\Java-Framework\Yueba\lib\spring-test-4.3.18.RELEASE.jar;C:\Swagger-Ranger\git-workspace\Java-Framework\Yueba\lib\aopalliance-1.0.jar;C:\Swagger-Ranger\git-workspace\Java-Framework\Yueba\lib\spring-tx-4.3.18.RELEASE.jar;C:\Swagger-Ranger\git-workspace\Java-Framework\Yueba\lib\spring-context-support-4.3.18.RELEASE.jar;C:\Swagger-Ranger\git-workspace\Java-Framework\Yueba\lib\spring-oxm-4.3.18.RELEASE.jar;C:\Swagger-Ranger\git-workspace\Java-Framework\Yueba\lib\commons-logging-1.2.jar;C:\Swagger-Ranger\git-workspace\Java-Framework\Yueba\lib\spring-ws.jar;C:\Swagger-Ranger\git-workspace\Java-Framework\Yueba\lib\spring-webmvc-4.3.18.RELEASE.jar;C:\Swagger-Ranger\git-workspace\Java-Framework\Yueba\lib\spring-webmvc-portlet-4.3.18.RELEASE.jar;C:\Swagger-Ranger\git-workspace\Java-Framework\Yueba\lib\spring-websocket-4.3.18.RELEASE.jar;C:\Swagger-Ranger\git-workspace\Java-Framework\Yueba\lib\spring-web-4.3.18.RELEASE.jar;C:\Swagger-Ranger\git-workspace\Java-Framework\Yueba\lib\spring-integration-amqp-4.0.3.RELEASE.jar;C:\Swagger-Ranger\git-workspace\Java-Framework\Yueba\lib\spring-integration-feed-4.0.3.RELEASE.jar;C:\Swagger-Ranger\git-workspace\Java-Framework\Yueba\lib\spring-integration-groovy-4.0.3.RELEASE.jar;C:\Swagger-Ranger\git-workspace\Java-Framework\Yueba\lib\spring-integration-gemfire-4.0.3.RELEASE.jar;C:\Swagger-Ranger\git-workspace\Java-Framework\Yueba\lib\spring-integration-file-4.0.3.RELEASE.jar;C:\Swagger-Ranger\git-workspace\Java-Framework\Yueba\lib\spring-integration-event-4.0.3.RELEASE.jar;C:\Swagger-Ranger\git-workspace\Java-Framework\Yueba\lib\spring-integration-ftp-4.0.3.RELEASE.jar;C:\Swagger-Ranger\git-workspace\Java-Framework\Yueba\lib\spring-integration-core-4.0.3.RELEASE.jar;C:\Swagger-Ranger\git-workspace\Java-Framework\Yueba\lib\spring-integration-jdbc-4.0.3.RELEASE.jar;C:\Swagger-Ranger\git-workspace\Java-Framework\Yueba\lib\spring-integration-jmx-4.0.3.RELEASE.jar;C:\Swagger-Ranger\git-workspace\Java-Framework\Yueba\lib\spring-integration-http-4.0.3.RELEASE.jar;C:\Swagger-Ranger\git-workspace\Java-Framework\Yueba\lib\spring-integration-jpa-4.0.3.RELEASE.jar;C:\Swagger-Ranger\git-workspace\Java-Framework\Yueba\lib\spring-integration-ip-4.0.3.RELEASE.jar;C:\Swagger-Ranger\git-workspace\Java-Framework\Yueba\lib\spring-integration-jms-4.0.3.RELEASE.jar;C:\Swagger-Ranger\git-workspace\Java-Framework\Yueba\lib\spring-integration-mail-4.0.3.RELEASE.jar;C:\Swagger-Ranger\git-workspace\Java-Framework\Yueba\lib\spring-integration-mongodb-4.0.3.RELEASE.jar;C:\Swagger-Ranger\git-workspace\Java-Framework\Yueba\lib\spring-integration-mqtt-4.0.3.RELEASE.jar;C:\Swagger-Ranger\git-workspace\Java-Framework\Yueba\lib\spring-integration-rmi-4.0.3.RELEASE.jar;C:\Swagger-Ranger\git-workspace\Java-Framework\Yueba\lib\spring-integration-redis-4.0.3.RELEASE.jar;C:\Swagger-Ranger\git-workspace\Java-Framework\Yueba\lib\spring-integration-sftp-4.0.3.RELEASE.jar;C:\Swagger-Ranger\git-workspace\Java-Framework\Yueba\lib\spring-integration-security-4.0.3.RELEASE.jar;C:\Swagger-Ranger\git-workspace\Java-Framework\Yueba\lib\spring-integration-scripting-4.0.3.RELEASE.jar;C:\Swagger-Ranger\git-workspace\Java-Framework\Yueba\lib\spring-integration-stream-4.0.3.RELEASE.jar;C:\Swagger-Ranger\git-workspace\Java-Framework\Yueba\lib\spring-integration-syslog-4.0.3.RELEASE.jar;C:\Swagger-Ranger\git-workspace\Java-Framework\Yueba\lib\spring-integration-ws-4.0.3.RELEASE.jar;C:\Swagger-Ranger\git-workspace\Java-Framework\Yueba\lib\spring-integration-twitter-4.0.3.RELEASE.jar;C:\Swagger-Ranger\git-workspace\Java-Framework\Yueba\lib\spring-integration-test-4.0.3.RELEASE.jar;C:\Swagger-Ranger\git-workspace\Java-Framework\Yueba\lib\spring-integration-xml-4.0.3.RELEASE.jar;C:\Swagger-Ranger\git-workspace\Java-Framework\Yueba\lib\spring-integration-xmpp-4.0.3.RELEASE.jar;C:\Swagger-Ranger\git-workspace\Java-Framework\Yueba\lib\javax.servlet.jsp.jar;C:\Swagger-Ranger\git-workspace\Java-Framework\Yueba\lib\javax.servlet.jar;C:\Swagger-Ranger\git-workspace\Java-Framework\Yueba\lib\javax.servlet.jsp.jstl.jar;C:\Swagger-Ranger\git-workspace\Java-Framework\Yueba\lib\javax.annotation.jar;C:\Swagger-Ranger\git-workspace\Java-Framework\Yueba\lib\javax.jms.jar;C:\Swagger-Ranger\git-workspace\Java-Framework\Yueba\lib\javax.resource.jar;C:\Swagger-Ranger\git-workspace\Java-Framework\Yueba\lib\javax.ejb.jar;C:\GuoHaoShiye\apache-tomcat\Yueba-olddemo\apache-tomcat-9.0.12\product\TTXChaguan_admin\WEB-INF\lib\commons-fileupload-1.3.1.jar;C:\GuoHaoShiye\apache-tomcat\Yueba-olddemo\apache-tomcat-9.0.12\product\TTXChaguan_admin\WEB-INF\lib\json.jar;C:\GuoHaoShiye\apache-tomcat\Yueba-olddemo\apache-tomcat-9.0.12\product\TTXChaguan_admin\WEB-INF\lib\zing3.1.jar;C:\GuoHaoShiye\apache-tomcat\Yueba-olddemo\apache-tomcat-9.0.12\product\TTXChaguan_admin\WEB-INF\lib\poi-3.15.jar;C:\GuoHaoShiye\apache-tomcat\Yueba-olddemo\apache-tomcat-9.0.12\product\TTXChaguan_admin\WEB-INF\lib\standard.jar;C:\GuoHaoShiye\apache-tomcat\Yueba-olddemo\apache-tomcat-9.0.12\product\TTXChaguan_admin\WEB-INF\lib\javax.ejb.jar;C:\GuoHaoShiye\apache-tomcat\Yueba-olddemo\apache-tomcat-9.0.12\product\TTXChaguan_admin\WEB-INF\lib\javax.jms.jar;C:\GuoHaoShiye\apache-tomcat\Yueba-olddemo\apache-tomcat-9.0.12\product\TTXChaguan_admin\WEB-INF\lib\jstl-impl.jar;C:\GuoHaoShiye\apache-tomcat\Yueba-olddemo\apache-tomcat-9.0.12\product\TTXChaguan_admin\WEB-INF\lib\jdom-2.0.2.jar;C:\GuoHaoShiye\apache-tomcat\Yueba-olddemo\apache-tomcat-9.0.12\product\TTXChaguan_admin\WEB-INF\lib\antlr-2.7.7.jar;C:\GuoHaoShiye\apache-tomcat\Yueba-olddemo\apache-tomcat-9.0.12\product\TTXChaguan_admin\WEB-INF\lib\dom4j-1.6.1.jar;C:\GuoHaoShiye\apache-tomcat\Yueba-olddemo\apache-tomcat-9.0.12\product\TTXChaguan_admin\WEB-INF\lib\c3p0-0.9.2.1.jar;C:\GuoHaoShiye\apache-tomcat\Yueba-olddemo\apache-tomcat-9.0.12\product\TTXChaguan_admin\WEB-INF\lib\log4j-1.2.17.jar;C:\GuoHaoShiye\apache-tomcat\Yueba-olddemo\apache-tomcat-9.0.12\product\TTXChaguan_admin\WEB-INF\lib\ezmorph-1.0.6.jar;C:\GuoHaoShiye\apache-tomcat\Yueba-olddemo\apache-tomcat-9.0.12\product\TTXChaguan_admin\WEB-INF\lib\javax.servlet.jar;C:\GuoHaoShiye\apache-tomcat\Yueba-olddemo\apache-tomcat-9.0.12\product\TTXChaguan_admin\WEB-INF\lib\ueditor-1.1.2.jar;C:\GuoHaoShiye\apache-tomcat\Yueba-olddemo\apache-tomcat-9.0.12\product\TTXChaguan_admin\WEB-INF\lib\commons-io-1.4.jar;C:\GuoHaoShiye\apache-tomcat\Yueba-olddemo\apache-tomcat-9.0.12\product\TTXChaguan_admin\WEB-INF\lib\commons-io-2.4.jar;C:\GuoHaoShiye\apache-tomcat\Yueba-olddemo\apache-tomcat-9.0.12\product\TTXChaguan_admin\WEB-INF\lib\httpcore-4.3.1.jar;C:\GuoHaoShiye\apache-tomcat\Yueba-olddemo\apache-tomcat-9.0.12\product\TTXChaguan_admin\WEB-INF\lib\javax.resource.jar;C:\GuoHaoShiye\apache-tomcat\Yueba-olddemo\apache-tomcat-9.0.12\product\TTXChaguan_admin\WEB-INF\lib\poi-ooxml-3.15.jar;C:\GuoHaoShiye\apache-tomcat\Yueba-olddemo\apache-tomcat-9.0.12\product\TTXChaguan_admin\WEB-INF\lib\fastjson-1.1.37.jar;C:\GuoHaoShiye\apache-tomcat\Yueba-olddemo\apache-tomcat-9.0.12\product\TTXChaguan_admin\WEB-INF\lib\slf4j-api-1.6.1.jar;C:\GuoHaoShiye\apache-tomcat\Yueba-olddemo\apache-tomcat-9.0.12\product\TTXChaguan_admin\WEB-INF\lib\commons-lang-2.6.jar;C:\GuoHaoShiye\apache-tomcat\Yueba-olddemo\apache-tomcat-9.0.12\product\TTXChaguan_admin\WEB-INF\lib\httpclient-4.3.2.jar;C:\GuoHaoShiye\apache-tomcat\Yueba-olddemo\apache-tomcat-9.0.12\product\TTXChaguan_admin\WEB-INF\lib\javax.annotation.jar;C:\GuoHaoShiye\apache-tomcat\Yueba-olddemo\apache-tomcat-9.0.12\product\TTXChaguan_admin\WEB-INF\lib\commons-codec-1.9.jar;C:\GuoHaoShiye\apache-tomcat\Yueba-olddemo\apache-tomcat-9.0.12\product\TTXChaguan_admin\WEB-INF\lib\javax.servlet.jsp.jar;C:\GuoHaoShiye\apache-tomcat\Yueba-olddemo\apache-tomcat-9.0.12\product\TTXChaguan_admin\WEB-INF\lib\poi-examples-3.15.jar;C:\GuoHaoShiye\apache-tomcat\Yueba-olddemo\apache-tomcat-9.0.12\product\TTXChaguan_admin\WEB-INF\lib\poi-excelant-3.15.jar;C:\GuoHaoShiye\apache-tomcat\Yueba-olddemo\apache-tomcat-9.0.12\product\TTXChaguan_admin\WEB-INF\lib\core-3.1.0-sources.jar;C:\GuoHaoShiye\apache-tomcat\Yueba-olddemo\apache-tomcat-9.0.12\product\TTXChaguan_admin\WEB-INF\lib\json-lib-2.4-jdk15.jar;C:\GuoHaoShiye\apache-tomcat\Yueba-olddemo\apache-tomcat-9.0.12\product\TTXChaguan_admin\WEB-INF\lib\commons-dbutils-1.6.jar;C:\GuoHaoShiye\apache-tomcat\Yueba-olddemo\apache-tomcat-9.0.12\product\TTXChaguan_admin\WEB-INF\lib\javassist-3.15.0-GA.jar;C:\GuoHaoShiye\apache-tomcat\Yueba-olddemo\apache-tomcat-9.0.12\product\TTXChaguan_admin\WEB-INF\lib\poi-scratchpad-3.15.jar;C:\GuoHaoShiye\apache-tomcat\Yueba-olddemo\apache-tomcat-9.0.12\product\TTXChaguan_admin\WEB-INF\lib\commons-logging-1.1.1.jar;C:\GuoHaoShiye\apache-tomcat\Yueba-olddemo\apache-tomcat-9.0.12\product\TTXChaguan_admin\WEB-INF\lib\javax.servlet.jsp.jstl.jar;C:\GuoHaoShiye\apache-tomcat\Yueba-olddemo\apache-tomcat-9.0.12\product\TTXChaguan_admin\WEB-INF\lib\jboss-logging-3.1.0.GA.jar;C:\GuoHaoShiye\apache-tomcat\Yueba-olddemo\apache-tomcat-9.0.12\product\TTXChaguan_admin\WEB-INF\lib\poi-ooxml-schemas-3.15.jar;C:\GuoHaoShiye\apache-tomcat\Yueba-olddemo\apache-tomcat-9.0.12\product\TTXChaguan_admin\WEB-INF\lib\commons-beanutils-1.8.3.jar;C:\GuoHaoShiye\apache-tomcat\Yueba-olddemo\apache-tomcat-9.0.12\product\TTXChaguan_admin\WEB-INF\lib\commons-fileupload-1.2.1.jar;C:\GuoHaoShiye\apache-tomcat\Yueba-olddemo\apache-tomcat-9.0.12\product\TTXChaguan_admin\WEB-INF\lib\commons-httpclient-3.0.1.jar;C:\GuoHaoShiye\apache-tomcat\Yueba-olddemo\apache-tomcat-9.0.12\product\TTXChaguan_admin\WEB-INF\lib\commons-collections-3.2.1.jar;C:\GuoHaoShiye\apache-tomcat\Yueba-olddemo\apache-tomcat-9.0.12\product\TTXChaguan_admin\WEB-INF\lib\mariadb-java-client-1.1.8.jar;C:\GuoHaoShiye\apache-tomcat\Yueba-olddemo\apache-tomcat-9.0.12\product\TTXChaguan_admin\WEB-INF\lib\hibernate-core-4.1.7.Final.jar;C:\GuoHaoShiye\apache-tomcat\Yueba-olddemo\apache-tomcat-9.0.12\product\TTXChaguan_admin\WEB-INF\lib\mchange-commons-java-0.2.3.4.jar;C:\GuoHaoShiye\apache-tomcat\Yueba-olddemo\apache-tomcat-9.0.12\product\TTXChaguan_admin\WEB-INF\lib\mysql-connector-java-5.1.26-bin.jar;C:\GuoHaoShiye\apache-tomcat\Yueba-olddemo\apache-tomcat-9.0.12\product\TTXChaguan_admin\WEB-INF\lib\hibernate-commons-annotations-4.0.1.Final.jar;C:\GuoHaoShiye\apache-tomcat\Yueba-olddemo\apache-tomcat-9.0.12\product\TTXChaguan_admin\WEB-INF\lib\jboss-transaction-api_1.1_spec-1.0.0.Final.jar;C:\Program Files\JetBrains\IntelliJ IDEA 2018.2.3\lib\idea_rt.jar, java.vm.vendor=Oracle Corporation, sun.arch.data.model=32, user.variant=, java.vendor.url=http://java.oracle.com/, user.timezone=Asia/Shanghai, os.name=Windows 10, java.vm.specification.version=1.8, sun.java.launcher=SUN_STANDARD, user.country=CN, sun.boot.library.path=C:\Program Files (x86)\Java\jdk1.8.0_191\jre\bin, sun.java.command=test.TestHibernateConnect, sun.cpu.endian=little, user.home=C:\Users\liufe, user.language=zh, java.specification.vendor=Oracle Corporation, java.home=C:\Program Files (x86)\Java\jdk1.8.0_191\jre, file.separator=\, line.separator=
, java.vm.specification.vendor=Oracle Corporation, java.specification.name=Java Platform API Specification, connection.autoCommit=true, java.awt.graphicsenv=sun.awt.Win32GraphicsEnvironment, cache.use_second_level_cache=false, sun.boot.class.path=C:\Program Files (x86)\Java\jdk1.8.0_191\jre\lib\resources.jar;C:\Program Files (x86)\Java\jdk1.8.0_191\jre\lib\rt.jar;C:\Program Files (x86)\Java\jdk1.8.0_191\jre\lib\sunrsasign.jar;C:\Program Files (x86)\Java\jdk1.8.0_191\jre\lib\jsse.jar;C:\Program Files (x86)\Java\jdk1.8.0_191\jre\lib\jce.jar;C:\Program Files (x86)\Java\jdk1.8.0_191\jre\lib\charsets.jar;C:\Program Files (x86)\Java\jdk1.8.0_191\jre\lib\jfr.jar;C:\Program Files (x86)\Java\jdk1.8.0_191\jre\classes, user.script=, connection.password=, sun.management.compiler=HotSpot Client Compiler, java.runtime.version=1.8.0_191-b12, user.name=liufe, path.separator=;, hibernate.connection.username=****, os.version=10.0, hibernate.cache.use_query_cach-true=false, java.endorsed.dirs=C:\Program Files (x86)\Java\jdk1.8.0_191\jre\lib\endorsed, java.runtime.name=Java(TM) SE Runtime Environment, hibernate.connection.url=jdbc:mysql://localhost:3306/yueba?characterEncoding=utf-8, hibernate.connection.autoCommit=true, file.encoding=UTF-8, java.vm.name=Java HotSpot(TM) Client VM, hibernate.show_sql=true, show_sql=true, hibernate.connection.driver_class=com.mysql.jdbc.Driver, java.vendor.url.bug=http://bugreport.sun.com/bugreport/, java.io.tmpdir=C:\Users\liufe\AppData\Local\Temp\, java.version=1.8.0_191, user.dir=C:\Swagger-Ranger\git-workspace\Java-Framework\Yueba, os.arch=x86, connection.username=root, java.vm.specification.name=Java Virtual Machine Specification, hibernate.connection.password=****, java.awt.printerjob=sun.awt.windows.WPrinterJob, sun.os.patch.level=, connection.driver_class=com.mysql.jdbc.Driver, hibernate.boot.CfgXmlAccessService.key=org.hibernate.boot.cfgxml.spi.LoadedConfig@d239ba, hibernate.cache.use_second_level_cache=false, java.library.path=C:\Program Files (x86)\Java\jdk1.8.0_191\bin;C:\WINDOWS\Sun\Java\bin;C:\WINDOWS\system32;C:\WINDOWS;C:\Program Files (x86)\Common Files\Oracle\Java\javapath;C:\Program Files\Docker\Docker\Resources\bin;C:\Program Files (x86)\Intel\iCLS Client\;C:\Program Files\Intel\iCLS Client\;C:\Windows\system32;C:\Windows;C:\Windows\System32\Wbem;C:\Windows\System32\WindowsPowerShell\v1.0\;C:\Program Files (x86)\Intel\Intel(R) Management Engine Components\DAL;C:\Program Files\Intel\Intel(R) Management Engine Components\DAL;C:\Program Files (x86)\Intel\Intel(R) Management Engine Components\IPT;C:\Program Files\Intel\Intel(R) Management Engine Components\IPT;C:\Program Files (x86)\NVIDIA Corporation\PhysX\Common;C:\Program Files\Intel\WiFi\bin\;C:\Program Files\Common Files\Intel\WirelessCommon\;C:\Program Files\Git\cmd;C:\Program Files (x86)\Java\jdk1.8.0_191\bin;C:\Program Files (x86)\Java\jdk1.8.0_191\jre\bin;C:\WINDOWS\system32;C:\WINDOWS;C:\WINDOWS\System32\Wbem;C:\WINDOWS\System32\WindowsPowerShell\v1.0\;C:\WINDOWS\System32\OpenSSH\;C:\Program Files\MATLAB\R2016a\runtime\win64;C:\Program Files\MATLAB\R2016a\bin;C:\Program Files\MATLAB\R2016a\polyspace\bin;C:\Program Files\apache-maven-3.5.4\bin;C:\GuoHaoShiye\apache-tomcat\Yueba-olddemo\apache-tomcat-9.0.12\bin;C:\Program Files (x86)\GnuWin32\bin;C:\GuoHaoShiye\apache-tomcat\CATALINA_BASE;C:\Users\liufe\AppData\Local\Microsoft\WindowsApps;C:\Users\liufe\AppData\Local\GitHubDesktop\bin;C:\Users\liufe\AppData\Local\Microsoft\WindowsApps;;., java.vendor=Oracle Corporation, java.vm.info=mixed mode, java.vm.version=25.191-b12, hibernate.bytecode.use_reflection_optimizer=false, sun.io.unicode.encoding=UnicodeLittle, java.ext.dirs=C:\Program Files (x86)\Java\jdk1.8.0_191\jre\lib\ext;C:\WINDOWS\Sun\Java\lib\ext, connection.url=jdbc:mysql://localhost:3306/yueba?characterEncoding=utf-8, java.class.version=52.0}
2018-11-02 15:25:21  [ main:1253 ] - [ DEBUG ]  Skipping JACC integration as it was not enabled
2018-11-02 15:25:21  [ main:1253 ] - [ DEBUG ]  Instantiated session factory
2018-11-02 15:25:21  [ main:1253 ] - [ DEBUG ]  Scoping TypeConfiguration [org.hibernate.type.spi.TypeConfiguration@14205be] to SessionFactoryImpl [org.hibernate.internal.SessionFactoryImpl@15f43d5]
2018-11-02 15:25:21  [ main:1253 ] - [ DEBUG ]  No actions specified; doing nothing
2018-11-02 15:25:21  [ main:1253 ] - [ DEBUG ]  No JtaPlatform was specified, checking resolver
2018-11-02 15:25:21  [ main:1253 ] - [ DEBUG ]  No JtaPlatformResolver was specified, using default [org.hibernate.engine.transaction.jta.platform.internal.StandardJtaPlatformResolver]
2018-11-02 15:25:21  [ main:1253 ] - [ DEBUG ]  Could not resolve JtaPlatform, using default [org.hibernate.engine.transaction.jta.platform.internal.NoJtaPlatform]
2018-11-02 15:25:21  [ main:1253 ] - [ DEBUG ]  Checking 0 named HQL queries
2018-11-02 15:25:21  [ main:1253 ] - [ DEBUG ]  Checking 0 named SQL queries
2018-11-02 15:25:21  [ main:1253 ] - [ DEBUG ]  Registering SessionFactory: 8efae952-3dfb-4425-b813-42c2edff6e8d (<unnamed>)
2018-11-02 15:25:21  [ main:1253 ] - [ DEBUG ]  Not binding SessionFactory to JNDI, no JNDI name configured
2018-11-02 15:25:21  [ main:1253 ] - [ DEBUG ]  Statistics initialized [enabled=false]
2018-11-02 15:25:21  [ main:1253 ] - [ DEBUG ]  On TransactionImpl creation, JpaCompliance#isJpaTransactionComplianceEnabled == false
2018-11-02 15:25:21  [ main:1253 ] - [ DEBUG ]  begin
2018-11-02 15:25:21  [ main:1269 ] - [ DEBUG ]  rolling back
2018-11-02 15:25:21  [ main:1269 ] - [ DEBUG ]  Initiating JDBC connection release from afterTransaction
2018-11-02 15:25:21  [ main:1269 ] - [ DEBUG ]  Initiating JDBC connection release from afterTransaction
2018-11-02 15:25:51  [ pool-2-thread-1:31254 ] - [ DEBUG ]  Connection pool now considered primed; min-size will be maintained
